localhost - - [02/Aug/2018:13:12:00 +0200] "GET /lost-password HTTP/1.1" 200 1588 "-" "Mozilla/5.0 (X11; Ubuntu; Linux x86_64; rv:61.0) Gecko/20100101 Firefox/61.0"
localhost - - [02/Aug/2018:13:12:00 +0200] "GET /img/sprite.svg HTTP/1.1" 200 2892 "-" "Mozilla/5.0 (X11; Ubuntu; Linux x86_64; rv:61.0) Gecko/20100101 Firefox/61.0"
localhost - - [02/Aug/2018:13:12:05 +0200] "POST /lost-password HTTP/1.1" 200 1663 "http://project:81/lost-password" "Mozilla/5.0 (X11; Ubuntu; Linux x86_64; rv:61.0) Gecko/20100101 Firefox/61.0"
localhost - - [02/Aug/2018:13:12:06 +0200] "GET /img/sprite.svg HTTP/1.1" 200 2892 "-" "Mozilla/5.0 (X11; Ubuntu; Linux x86_64; rv:61.0) Gecko/20100101 Firefox/61.0"
localhost - - [02/Aug/2018:13:19:42 +0200] "GET /lost-password HTTP/1.1" 200 1588 "-" "Mozilla/5.0 (X11; Ubuntu; Linux x86_64; rv:61.0) Gecko/20100101 Firefox/61.0"
localhost - - [02/Aug/2018:13:19:42 +0200] "GET /img/sprite.svg HTTP/1.1" 200 2892 "-" "Mozilla/5.0 (X11; Ubuntu; Linux x86_64; rv:61.0) Gecko/20100101 Firefox/61.0"
localhost - - [02/Aug/2018:13:19:42 +0200] "GET /templates/assets/js/main.js HTTP/1.1" 200 303 "http://project:81/lost-password" "Mozilla/5.0 (X11; Ubuntu; Linux x86_64; rv:61.0) Gecko/20100101 Firefox/61.0"
localhost - - [02/Aug/2018:13:19:45 +0200] "POST /lost-password HTTP/1.1" 200 1662 "http://project:81/lost-password" "Mozilla/5.0 (X11; Ubuntu; Linux x86_64; rv:61.0) Gecko/20100101 Firefox/61.0"
localhost - - [02/Aug/2018:13:19:46 +0200] "GET /img/sprite.svg HTTP/1.1" 200 2892 "-" "Mozilla/5.0 (X11; Ubuntu; Linux x86_64; rv:61.0) Gecko/20100101 Firefox/61.0"
localhost - - [02/Aug/2018:13:21:46 +0200] "GET /lost-password HTTP/1.1" 200 1588 "-" "Mozilla/5.0 (X11; Ubuntu; Linux x86_64; rv:61.0) Gecko/20100101 Firefox/61.0"
localhost - - [02/Aug/2018:13:21:46 +0200] "GET /img/sprite.svg HTTP/1.1" 200 2892 "-" "Mozilla/5.0 (X11; Ubuntu; Linux x86_64; rv:61.0) Gecko/20100101 Firefox/61.0"
localhost - - [02/Aug/2018:13:21:51 +0200] "POST /lost-password HTTP/1.1" 200 1662 "http://project:81/lost-password" "Mozilla/5.0 (X11; Ubuntu; Linux x86_64; rv:61.0) Gecko/20100101 Firefox/61.0"
localhost - - [02/Aug/2018:13:21:51 +0200] "GET /img/sprite.svg HTTP/1.1" 200 2892 "-" "Mozilla/5.0 (X11; Ubuntu; Linux x86_64; rv:61.0) Gecko/20100101 Firefox/61.0"
localhost - - [02/Aug/2018:13:40:28 +0200] "GET /lost-password HTTP/1.1" 200 1588 "-" "Mozilla/5.0 (X11; Ubuntu; Linux x86_64; rv:61.0) Gecko/20100101 Firefox/61.0"
localhost - - [02/Aug/2018:13:40:28 +0200] "GET /img/sprite.svg HTTP/1.1" 200 2892 "-" "Mozilla/5.0 (X11; Ubuntu; Linux x86_64; rv:61.0) Gecko/20100101 Firefox/61.0"
localhost - - [02/Aug/2018:13:40:33 +0200] "POST /lost-password HTTP/1.1" 200 1662 "http://project:81/lost-password" "Mozilla/5.0 (X11; Ubuntu; Linux x86_64; rv:61.0) Gecko/20100101 Firefox/61.0"
localhost - - [02/Aug/2018:13:40:33 +0200] "GET /img/sprite.svg HTTP/1.1" 200 2892 "-" "Mozilla/5.0 (X11; Ubuntu; Linux x86_64; rv:61.0) Gecko/20100101 Firefox/61.0"
localhost - - [02/Aug/2018:13:59:42 +0200] "GET /lost-password HTTP/1.1" 200 1588 "-" "Mozilla/5.0 (X11; Ubuntu; Linux x86_64; rv:61.0) Gecko/20100101 Firefox/61.0"
localhost - - [02/Aug/2018:13:59:42 +0200] "GET /img/sprite.svg HTTP/1.1" 200 2892 "-" "Mozilla/5.0 (X11; Ubuntu; Linux x86_64; rv:61.0) Gecko/20100101 Firefox/61.0"
localhost - - [02/Aug/2018:13:59:46 +0200] "POST /lost-password HTTP/1.1" 200 1662 "http://project:81/lost-password" "Mozilla/5.0 (X11; Ubuntu; Linux x86_64; rv:61.0) Gecko/20100101 Firefox/61.0"
localhost - - [02/Aug/2018:13:59:46 +0200] "GET /img/sprite.svg HTTP/1.1" 200 2892 "-" "Mozilla/5.0 (X11; Ubuntu; Linux x86_64; rv:61.0) Gecko/20100101 Firefox/61.0"
localhost - - [02/Aug/2018:14:08:04 +0200] "GET /lost-password HTTP/1.1" 200 1588 "-" "Mozilla/5.0 (X11; Ubuntu; Linux x86_64; rv:61.0) Gecko/20100101 Firefox/61.0"
localhost - - [02/Aug/2018:14:08:04 +0200] "GET /img/sprite.svg HTTP/1.1" 200 2892 "-" "Mozilla/5.0 (X11; Ubuntu; Linux x86_64; rv:61.0) Gecko/20100101 Firefox/61.0"
localhost - - [02/Aug/2018:14:08:07 +0200] "POST /lost-password HTTP/1.1" 200 1662 "http://project:81/lost-password" "Mozilla/5.0 (X11; Ubuntu; Linux x86_64; rv:61.0) Gecko/20100101 Firefox/61.0"
localhost - - [02/Aug/2018:14:08:08 +0200] "GET /img/sprite.svg HTTP/1.1" 200 2892 "-" "Mozilla/5.0 (X11; Ubuntu; Linux x86_64; rv:61.0) Gecko/20100101 Firefox/61.0"
localhost - - [02/Aug/2018:14:29:51 +0200] "GET /lost-password HTTP/1.1" 200 1588 "-" "Mozilla/5.0 (X11; Ubuntu; Linux x86_64; rv:61.0) Gecko/20100101 Firefox/61.0"
localhost - - [02/Aug/2018:14:29:51 +0200] "GET /img/sprite.svg HTTP/1.1" 200 2892 "-" "Mozilla/5.0 (X11; Ubuntu; Linux x86_64; rv:61.0) Gecko/20100101 Firefox/61.0"
localhost - - [02/Aug/2018:14:29:51 +0200] "GET /templates/assets/js/navigation.js HTTP/1.1" 200 1082 "http://project:81/lost-password" "Mozilla/5.0 (X11; Ubuntu; Linux x86_64; rv:61.0) Gecko/20100101 Firefox/61.0"
localhost - - [02/Aug/2018:14:29:55 +0200] "POST /lost-password HTTP/1.1" 200 1587 "http://project:81/lost-password" "Mozilla/5.0 (X11; Ubuntu; Linux x86_64; rv:61.0) Gecko/20100101 Firefox/61.0"
localhost - - [02/Aug/2018:14:29:55 +0200] "GET /img/sprite.svg HTTP/1.1" 200 2892 "-" "Mozilla/5.0 (X11; Ubuntu; Linux x86_64; rv:61.0) Gecko/20100101 Firefox/61.0"
localhost - - [02/Aug/2018:14:31:04 +0200] "GET /lost-password HTTP/1.1" 200 1588 "-" "Mozilla/5.0 (X11; Ubuntu; Linux x86_64; rv:61.0) Gecko/20100101 Firefox/61.0"
localhost - - [02/Aug/2018:14:31:05 +0200] "GET /img/sprite.svg HTTP/1.1" 200 2892 "-" "Mozilla/5.0 (X11; Ubuntu; Linux x86_64; rv:61.0) Gecko/20100101 Firefox/61.0"
localhost - - [02/Aug/2018:14:31:08 +0200] "POST /lost-password HTTP/1.1" 200 1662 "http://project:81/lost-password" "Mozilla/5.0 (X11; Ubuntu; Linux x86_64; rv:61.0) Gecko/20100101 Firefox/61.0"
localhost - - [02/Aug/2018:14:31:08 +0200] "GET /img/sprite.svg HTTP/1.1" 200 2892 "-" "Mozilla/5.0 (X11; Ubuntu; Linux x86_64; rv:61.0) Gecko/20100101 Firefox/61.0"
localhost - - [02/Aug/2018:14:31:57 +0200] "GET /set-new-password?email=alina3a@bk.ru&code=w2CoTyZD3VLruKe%27 HTTP/1.1" 200 355 "-" "Mozilla/5.0 (X11; Linux x86_64) AppleWebKit/537.36 (KHTML, like Gecko) Ubuntu Chromium/68.0.3440.75 Chrome/68.0.3440.75 Safari/537.36"
localhost - - [02/Aug/2018:14:31:57 +0200] "GET /favicon.ico HTTP/1.1" 200 2892 "http://project:81/set-new-password?email=alina3a@bk.ru&code=w2CoTyZD3VLruKe%27" "Mozilla/5.0 (X11; Linux x86_64) AppleWebKit/537.36 (KHTML, like Gecko) Ubuntu Chromium/68.0.3440.75 Chrome/68.0.3440.75 Safari/537.36"
localhost - - [02/Aug/2018:14:32:14 +0200] "GET /set-new-password?email=alina3a@bk.ru&code=w2CoTyZD3VLruKe%27 HTTP/1.1" 200 297 "-" "Mozilla/5.0 (X11; Ubuntu; Linux x86_64; rv:61.0) Gecko/20100101 Firefox/61.0"
localhost - - [07/Aug/2018:09:41:42 +0200] "GET /set-new-password?email=alina3a@bk.ru&code=w2CoTyZD3VLruKe%27 HTTP/1.1" 200 297 "-" "Mozilla/5.0 (X11; Ubuntu; Linux x86_64; rv:61.0) Gecko/20100101 Firefox/61.0"
localhost - - [07/Aug/2018:09:41:43 +0200] "GET /favicon.ico HTTP/1.1" 200 2892 "-" "Mozilla/5.0 (X11; Ubuntu; Linux x86_64; rv:61.0) Gecko/20100101 Firefox/61.0"
localhost - - [07/Aug/2018:09:41:43 +0200] "GET /favicon.ico HTTP/1.1" 200 2893 "-" "Mozilla/5.0 (X11; Ubuntu; Linux x86_64; rv:61.0) Gecko/20100101 Firefox/61.0"
localhost - - [07/Aug/2018:21:39:07 +0200] "GET /set-new-password?email=alina3a@bk.ru&code=w2CoTyZD3VLruKe%27 HTTP/1.1" 200 534 "-" "Mozilla/5.0 (X11; Linux x86_64) AppleWebKit/537.36 (KHTML, like Gecko) Ubuntu Chromium/68.0.3440.75 Chrome/68.0.3440.75 Safari/537.36"
localhost - - [07/Aug/2018:21:39:10 +0200] "GET /favicon.ico HTTP/1.1" 200 2892 "http://project:81/set-new-password?email=alina3a@bk.ru&code=w2CoTyZD3VLruKe%27" "Mozilla/5.0 (X11; Linux x86_64) AppleWebKit/537.36 (KHTML, like Gecko) Ubuntu Chromium/68.0.3440.75 Chrome/68.0.3440.75 Safari/537.36"
localhost - - [07/Aug/2018:21:40:21 +0200] "GET /set-new-password?email=alina3a@bk.ru&code=w2CoTyZD3VLruKe%27 HTTP/1.1" 200 1891 "-" "Mozilla/5.0 (X11; Linux x86_64) AppleWebKit/537.36 (KHTML, like Gecko) Ubuntu Chromium/68.0.3440.75 Chrome/68.0.3440.75 Safari/537.36"
localhost - - [07/Aug/2018:21:40:22 +0200] "GET /templates/assets/js/main.js HTTP/1.1" 304 164 "http://project:81/set-new-password?email=alina3a@bk.ru&code=w2CoTyZD3VLruKe%27" "Mozilla/5.0 (X11; Linux x86_64) AppleWebKit/537.36 (KHTML, like Gecko) Ubuntu Chromium/68.0.3440.75 Chrome/68.0.3440.75 Safari/537.36"
localhost - - [07/Aug/2018:21:40:22 +0200] "GET /templates/assets/css/main.css HTTP/1.1" 200 52017 "http://project:81/set-new-password?email=alina3a@bk.ru&code=w2CoTyZD3VLruKe%27" "Mozilla/5.0 (X11; Linux x86_64) AppleWebKit/537.36 (KHTML, like Gecko) Ubuntu Chromium/68.0.3440.75 Chrome/68.0.3440.75 Safari/537.36"
localhost - - [07/Aug/2018:21:40:22 +0200] "GET /templates/assets/libs/bootstrap-4-grid/grid.min.css HTTP/1.1" 200 5831 "http://project:81/set-new-password?email=alina3a@bk.ru&code=w2CoTyZD3VLruKe%27" "Mozilla/5.0 (X11; Linux x86_64) AppleWebKit/537.36 (KHTML, like Gecko) Ubuntu Chromium/68.0.3440.75 Chrome/68.0.3440.75 Safari/537.36"
localhost - - [07/Aug/2018:21:40:22 +0200] "GET /templates/assets/libs/jquery/jquery.min.js HTTP/1.1" 200 30645 "http://project:81/set-new-password?email=alina3a@bk.ru&code=w2CoTyZD3VLruKe%27" "Mozilla/5.0 (X11; Linux x86_64) AppleWebKit/537.36 (KHTML, like Gecko) Ubuntu Chromium/68.0.3440.75 Chrome/68.0.3440.75 Safari/537.36"
localhost - - [07/Aug/2018:21:40:23 +0200] "GET /templates/assets/js/navigation.js HTTP/1.1" 200 1082 "http://project:81/set-new-password?email=alina3a@bk.ru&code=w2CoTyZD3VLruKe%27" "Mozilla/5.0 (X11; Linux x86_64) AppleWebKit/537.36 (KHTML, like Gecko) Ubuntu Chromium/68.0.3440.75 Chrome/68.0.3440.75 Safari/537.36"
localhost - - [07/Aug/2018:21:40:23 +0200] "GET /img/sprite.svg HTTP/1.1" 200 2892 "http://project:81/set-new-password?email=alina3a@bk.ru&code=w2CoTyZD3VLruKe%27" "Mozilla/5.0 (X11; Linux x86_64) AppleWebKit/537.36 (KHTML, like Gecko) Ubuntu Chromium/68.0.3440.75 Chrome/68.0.3440.75 Safari/537.36"
localhost - - [07/Aug/2018:21:40:23 +0200] "GET /templates/assets/img/bg/login-page.jpg HTTP/1.1" 200 834965 "http://project:81/templates/assets/css/main.css" "Mozilla/5.0 (X11; Linux x86_64) AppleWebKit/537.36 (KHTML, like Gecko) Ubuntu Chromium/68.0.3440.75 Chrome/68.0.3440.75 Safari/537.36"
localhost - - [07/Aug/2018:21:40:24 +0200] "GET /favicon.ico HTTP/1.1" 200 2892 "http://project:81/set-new-password?email=alina3a@bk.ru&code=w2CoTyZD3VLruKe%27" "Mozilla/5.0 (X11; Linux x86_64) AppleWebKit/537.36 (KHTML, like Gecko) Ubuntu Chromium/68.0.3440.75 Chrome/68.0.3440.75 Safari/537.36"
localhost - - [07/Aug/2018:21:41:01 +0200] "GET /set-new-password?email=alina3a@bk.ru&code=w2CoTyZD3VLruKe%27 HTTP/1.1" 200 1773 "-" "Mozilla/5.0 (X11; Linux x86_64) AppleWebKit/537.36 (KHTML, like Gecko) Ubuntu Chromium/68.0.3440.75 Chrome/68.0.3440.75 Safari/537.36"
localhost - - [07/Aug/2018:21:41:01 +0200] "GET /img/sprite.svg HTTP/1.1" 200 2892 "http://project:81/set-new-password?email=alina3a@bk.ru&code=w2CoTyZD3VLruKe%27" "Mozilla/5.0 (X11; Linux x86_64) AppleWebKit/537.36 (KHTML, like Gecko) Ubuntu Chromium/68.0.3440.75 Chrome/68.0.3440.75 Safari/537.36"
localhost - - [07/Aug/2018:21:41:01 +0200] "GET /favicon.ico HTTP/1.1" 200 2892 "http://project:81/set-new-password?email=alina3a@bk.ru&code=w2CoTyZD3VLruKe%27" "Mozilla/5.0 (X11; Linux x86_64) AppleWebKit/537.36 (KHTML, like Gecko) Ubuntu Chromium/68.0.3440.75 Chrome/68.0.3440.75 Safari/537.36"
localhost - - [07/Aug/2018:21:42:36 +0200] "GET /set-new-password?email=alina3a@bk.ru&code=w2CoTyZD3VLruKe HTTP/1.1" 200 475 "-" "Mozilla/5.0 (X11; Linux x86_64) AppleWebKit/537.36 (KHTML, like Gecko) Ubuntu Chromium/68.0.3440.75 Chrome/68.0.3440.75 Safari/537.36"
localhost - - [07/Aug/2018:21:42:36 +0200] "GET /favicon.ico HTTP/1.1" 200 2892 "http://project:81/set-new-password?email=alina3a@bk.ru&code=w2CoTyZD3VLruKe" "Mozilla/5.0 (X11; Linux x86_64) AppleWebKit/537.36 (KHTML, like Gecko) Ubuntu Chromium/68.0.3440.75 Chrome/68.0.3440.75 Safari/537.36"
localhost - - [07/Aug/2018:21:42:58 +0200] "GET /lost-password HTTP/1.1" 200 1588 "http://project:81/lost-password" "Mozilla/5.0 (X11; Ubuntu; Linux x86_64; rv:61.0) Gecko/20100101 Firefox/61.0"
localhost - - [07/Aug/2018:21:42:58 +0200] "GET /templates/assets/libs/bootstrap-4-grid/grid.min.css HTTP/1.1" 200 5832 "http://project:81/lost-password" "Mozilla/5.0 (X11; Ubuntu; Linux x86_64; rv:61.0) Gecko/20100101 Firefox/61.0"
localhost - - [07/Aug/2018:21:42:58 +0200] "GET /templates/assets/js/navigation.js HTTP/1.1" 200 1082 "http://project:81/lost-password" "Mozilla/5.0 (X11; Ubuntu; Linux x86_64; rv:61.0) Gecko/20100101 Firefox/61.0"
localhost - - [07/Aug/2018:21:42:58 +0200] "GET /templates/assets/css/main.css HTTP/1.1" 200 52018 "http://project:81/lost-password" "Mozilla/5.0 (X11; Ubuntu; Linux x86_64; rv:61.0) Gecko/20100101 Firefox/61.0"
localhost - - [07/Aug/2018:21:42:58 +0200] "GET /templates/assets/js/main.js HTTP/1.1" 200 304 "http://project:81/lost-password" "Mozilla/5.0 (X11; Ubuntu; Linux x86_64; rv:61.0) Gecko/20100101 Firefox/61.0"
localhost - - [07/Aug/2018:21:42:58 +0200] "GET /img/sprite.svg HTTP/1.1" 200 2892 "-" "Mozilla/5.0 (X11; Ubuntu; Linux x86_64; rv:61.0) Gecko/20100101 Firefox/61.0"
localhost - - [07/Aug/2018:21:43:06 +0200] "POST /lost-password HTTP/1.1" 200 1663 "http://project:81/lost-password" "Mozilla/5.0 (X11; Ubuntu; Linux x86_64; rv:61.0) Gecko/20100101 Firefox/61.0"
localhost - - [07/Aug/2018:21:43:06 +0200] "GET /templates/assets/js/main.js HTTP/1.1" 304 164 "http://project:81/lost-password" "Mozilla/5.0 (X11; Ubuntu; Linux x86_64; rv:61.0) Gecko/20100101 Firefox/61.0"
localhost - - [07/Aug/2018:21:43:06 +0200] "GET /templates/assets/libs/jquery/jquery.min.js HTTP/1.1" 200 30644 "http://project:81/lost-password" "Mozilla/5.0 (X11; Ubuntu; Linux x86_64; rv:61.0) Gecko/20100101 Firefox/61.0"
localhost - - [07/Aug/2018:21:43:06 +0200] "GET /templates/assets/libs/bootstrap-4-grid/grid.min.css HTTP/1.1" 200 5831 "http://project:81/lost-password" "Mozilla/5.0 (X11; Ubuntu; Linux x86_64; rv:61.0) Gecko/20100101 Firefox/61.0"
localhost - - [07/Aug/2018:21:43:06 +0200] "GET /templates/assets/js/navigation.js HTTP/1.1" 200 1081 "http://project:81/lost-password" "Mozilla/5.0 (X11; Ubuntu; Linux x86_64; rv:61.0) Gecko/20100101 Firefox/61.0"
localhost - - [07/Aug/2018:21:43:06 +0200] "GET /templates/assets/css/main.css HTTP/1.1" 200 52017 "http://project:81/lost-password" "Mozilla/5.0 (X11; Ubuntu; Linux x86_64; rv:61.0) Gecko/20100101 Firefox/61.0"
localhost - - [07/Aug/2018:21:43:06 +0200] "GET /img/sprite.svg HTTP/1.1" 200 2893 "-" "Mozilla/5.0 (X11; Ubuntu; Linux x86_64; rv:61.0) Gecko/20100101 Firefox/61.0"
localhost - - [07/Aug/2018:21:43:07 +0200] "GET /templates/assets/img/bg/login-page.jpg HTTP/1.1" 304 166 "http://project:81/templates/assets/css/main.css" "Mozilla/5.0 (X11; Ubuntu; Linux x86_64; rv:61.0) Gecko/20100101 Firefox/61.0"
localhost - - [07/Aug/2018:21:44:03 +0200] "GET /set-new-password?email=alina3a@bk.ru&code=862REU0yCOgDMzj HTTP/1.1" 200 1810 "-" "Mozilla/5.0 (X11; Ubuntu; Linux x86_64; rv:61.0) Gecko/20100101 Firefox/61.0"
localhost - - [07/Aug/2018:21:44:03 +0200] "GET /templates/assets/libs/bootstrap-4-grid/grid.min.css HTTP/1.1" 200 5831 "http://project:81/set-new-password?email=alina3a@bk.ru&code=862REU0yCOgDMzj" "Mozilla/5.0 (X11; Ubuntu; Linux x86_64; rv:61.0) Gecko/20100101 Firefox/61.0"
localhost - - [07/Aug/2018:21:44:03 +0200] "GET /templates/assets/css/main.css HTTP/1.1" 200 52018 "http://project:81/set-new-password?email=alina3a@bk.ru&code=862REU0yCOgDMzj" "Mozilla/5.0 (X11; Ubuntu; Linux x86_64; rv:61.0) Gecko/20100101 Firefox/61.0"
localhost - - [07/Aug/2018:21:44:03 +0200] "GET /templates/assets/js/navigation.js HTTP/1.1" 200 1082 "http://project:81/set-new-password?email=alina3a@bk.ru&code=862REU0yCOgDMzj" "Mozilla/5.0 (X11; Ubuntu; Linux x86_64; rv:61.0) Gecko/20100101 Firefox/61.0"
localhost - - [07/Aug/2018:21:44:03 +0200] "GET /templates/assets/libs/jquery/jquery.min.js HTTP/1.1" 200 30644 "http://project:81/set-new-password?email=alina3a@bk.ru&code=862REU0yCOgDMzj" "Mozilla/5.0 (X11; Ubuntu; Linux x86_64; rv:61.0) Gecko/20100101 Firefox/61.0"
localhost - - [07/Aug/2018:21:44:03 +0200] "GET /img/sprite.svg HTTP/1.1" 200 2893 "-" "Mozilla/5.0 (X11; Ubuntu; Linux x86_64; rv:61.0) Gecko/20100101 Firefox/61.0"
localhost - - [07/Aug/2018:21:58:58 +0200] "GET /set-new-password?email=alina3a@bk.ru&code=862REU0yCOgDMzj HTTP/1.1" 200 1802 "-" "Mozilla/5.0 (X11; Ubuntu; Linux x86_64; rv:61.0) Gecko/20100101 Firefox/61.0"
localhost - - [07/Aug/2018:21:58:58 +0200] "GET /templates/assets/js/navigation.js HTTP/1.1" 200 1082 "http://project:81/set-new-password?email=alina3a@bk.ru&code=862REU0yCOgDMzj" "Mozilla/5.0 (X11; Ubuntu; Linux x86_64; rv:61.0) Gecko/20100101 Firefox/61.0"
localhost - - [07/Aug/2018:21:58:58 +0200] "GET /templates/assets/libs/bootstrap-4-grid/grid.min.css HTTP/1.1" 200 5831 "http://project:81/set-new-password?email=alina3a@bk.ru&code=862REU0yCOgDMzj" "Mozilla/5.0 (X11; Ubuntu; Linux x86_64; rv:61.0) Gecko/20100101 Firefox/61.0"
localhost - - [07/Aug/2018:21:58:58 +0200] "GET /img/sprite.svg HTTP/1.1" 200 2892 "-" "Mozilla/5.0 (X11; Ubuntu; Linux x86_64; rv:61.0) Gecko/20100101 Firefox/61.0"
localhost - - [07/Aug/2018:22:04:40 +0200] "GET /set-new-password?email=alina3a@bk.ru&code=862REU0yCOgDMzj HTTP/1.1" 200 475 "-" "Mozilla/5.0 (X11; Ubuntu; Linux x86_64; rv:61.0) Gecko/20100101 Firefox/61.0"
localhost - - [07/Aug/2018:22:04:45 +0200] "GET / HTTP/1.1" 200 2892 "http://project:81/set-new-password?email=alina3a@bk.ru&code=862REU0yCOgDMzj" "Mozilla/5.0 (X11; Ubuntu; Linux x86_64; rv:61.0) Gecko/20100101 Firefox/61.0"
localhost - - [07/Aug/2018:22:04:45 +0200] "GET /templates/assets/js/navigation.js HTTP/1.1" 200 1082 "http://project:81/" "Mozilla/5.0 (X11; Ubuntu; Linux x86_64; rv:61.0) Gecko/20100101 Firefox/61.0"
localhost - - [07/Aug/2018:22:04:45 +0200] "GET /templates/assets/js/fileReader.js HTTP/1.1" 200 1143 "http://project:81/" "Mozilla/5.0 (X11; Ubuntu; Linux x86_64; rv:61.0) Gecko/20100101 Firefox/61.0"
localhost - - [07/Aug/2018:22:04:45 +0200] "GET /templates/assets/img/sprite.svg HTTP/1.1" 200 17635 "-" "Mozilla/5.0 (X11; Ubuntu; Linux x86_64; rv:61.0) Gecko/20100101 Firefox/61.0"
localhost - - [07/Aug/2018:22:04:45 +0200] "GET /img/avatar-img/photo-big.jpg HTTP/1.1" 200 2892 "http://project:81/" "Mozilla/5.0 (X11; Ubuntu; Linux x86_64; rv:61.0) Gecko/20100101 Firefox/61.0"
localhost - - [07/Aug/2018:22:04:45 +0200] "GET /img/cards/portfolio/internet-shops.jpg HTTP/1.1" 200 2893 "http://project:81/" "Mozilla/5.0 (X11; Ubuntu; Linux x86_64; rv:61.0) Gecko/20100101 Firefox/61.0"
localhost - - [07/Aug/2018:22:04:45 +0200] "GET /img/cards/portfolio/develop_ui-elements.jpg HTTP/1.1" 200 2893 "http://project:81/" "Mozilla/5.0 (X11; Ubuntu; Linux x86_64; rv:61.0) Gecko/20100101 Firefox/61.0"
localhost - - [07/Aug/2018:22:04:45 +0200] "GET /img/cards/blog/blog_naturals.jpg HTTP/1.1" 200 2892 "http://project:81/" "Mozilla/5.0 (X11; Ubuntu; Linux x86_64; rv:61.0) Gecko/20100101 Firefox/61.0"
localhost - - [07/Aug/2018:22:04:45 +0200] "GET /img/cards/blog/blog_new-york.jpg HTTP/1.1" 200 2892 "http://project:81/" "Mozilla/5.0 (X11; Ubuntu; Linux x86_64; rv:61.0) Gecko/20100101 Firefox/61.0"
localhost - - [07/Aug/2018:22:04:45 +0200] "GET /img/cards/portfolio/portfolio_landing-page.jpg HTTP/1.1" 200 2893 "http://project:81/" "Mozilla/5.0 (X11; Ubuntu; Linux x86_64; rv:61.0) Gecko/20100101 Firefox/61.0"
localhost - - [07/Aug/2018:22:04:45 +0200] "GET /img/cards/blog/blog_summer.jpg HTTP/1.1" 200 2892 "http://project:81/" "Mozilla/5.0 (X11; Ubuntu; Linux x86_64; rv:61.0) Gecko/20100101 Firefox/61.0"
localhost - - [07/Aug/2018:22:04:45 +0200] "GET /templates/assets/img/bg/bg_header.jpg HTTP/1.1" 200 24699 "http://project:81/templates/assets/css/main.css" "Mozilla/5.0 (X11; Ubuntu; Linux x86_64; rv:61.0) Gecko/20100101 Firefox/61.0"
localhost - - [07/Aug/2018:22:04:45 +0200] "GET /templates/assets/img/placeholders/user-avatar-placeholder-big.jpg HTTP/1.1" 200 3555 "http://project:81/templates/assets/css/main.css" "Mozilla/5.0 (X11; Ubuntu; Linux x86_64; rv:61.0) Gecko/20100101 Firefox/61.0"
localhost - - [07/Aug/2018:22:04:50 +0200] "GET /login HTTP/1.1" 200 1774 "http://project:81/" "Mozilla/5.0 (X11; Ubuntu; Linux x86_64; rv:61.0) Gecko/20100101 Firefox/61.0"
localhost - - [07/Aug/2018:22:04:50 +0200] "GET /img/sprite.svg HTTP/1.1" 200 2892 "-" "Mozilla/5.0 (X11; Ubuntu; Linux x86_64; rv:61.0) Gecko/20100101 Firefox/61.0"
localhost - - [07/Aug/2018:22:04:50 +0200] "GET /templates/assets/img/icons/check.png HTTP/1.1" 200 416 "http://project:81/templates/assets/css/main.css" "Mozilla/5.0 (X11; Ubuntu; Linux x86_64; rv:61.0) Gecko/20100101 Firefox/61.0"
localhost - - [07/Aug/2018:22:06:06 +0200] "GET /login HTTP/1.1" 200 1650 "-" "Mozilla/5.0 (X11; Ubuntu; Linux x86_64; rv:61.0) Gecko/20100101 Firefox/61.0"
localhost - - [07/Aug/2018:22:06:06 +0200] "GET /img/sprite.svg HTTP/1.1" 200 2892 "-" "Mozilla/5.0 (X11; Ubuntu; Linux x86_64; rv:61.0) Gecko/20100101 Firefox/61.0"
localhost - - [07/Aug/2018:22:06:11 +0200] "GET /lost-password HTTP/1.1" 200 1587 "http://project:81/login" "Mozilla/5.0 (X11; Ubuntu; Linux x86_64; rv:61.0) Gecko/20100101 Firefox/61.0"
localhost - - [07/Aug/2018:22:06:11 +0200] "GET /img/sprite.svg HTTP/1.1" 200 2892 "-" "Mozilla/5.0 (X11; Ubuntu; Linux x86_64; rv:61.0) Gecko/20100101 Firefox/61.0"
localhost - - [07/Aug/2018:22:06:18 +0200] "POST /lost-password HTTP/1.1" 200 1663 "http://project:81/lost-password" "Mozilla/5.0 (X11; Ubuntu; Linux x86_64; rv:61.0) Gecko/20100101 Firefox/61.0"
localhost - - [07/Aug/2018:22:06:19 +0200] "GET /img/sprite.svg HTTP/1.1" 200 2892 "-" "Mozilla/5.0 (X11; Ubuntu; Linux x86_64; rv:61.0) Gecko/20100101 Firefox/61.0"
localhost - - [07/Aug/2018:22:06:42 +0200] "GET /set-new-password?email=alina3a@bk.ru&code=yjb4Go9grkMeW5R HTTP/1.1" 200 1665 "-" "Mozilla/5.0 (X11; Ubuntu; Linux x86_64; rv:61.0) Gecko/20100101 Firefox/61.0"
localhost - - [07/Aug/2018:22:06:43 +0200] "GET /img/sprite.svg HTTP/1.1" 200 2892 "-" "Mozilla/5.0 (X11; Ubuntu; Linux x86_64; rv:61.0) Gecko/20100101 Firefox/61.0"
localhost - - [07/Aug/2018:22:07:32 +0200] "GET /set-new-password?email=alina3a@bk.ru&code=yjb4Go9grkMeW5R HTTP/1.1" 200 1668 "-" "Mozilla/5.0 (X11; Ubuntu; Linux x86_64; rv:61.0) Gecko/20100101 Firefox/61.0"
localhost - - [07/Aug/2018:22:07:32 +0200] "GET /img/sprite.svg HTTP/1.1" 200 2892 "-" "Mozilla/5.0 (X11; Ubuntu; Linux x86_64; rv:61.0) Gecko/20100101 Firefox/61.0"
localhost - - [07/Aug/2018:22:08:03 +0200] "GET /profile-edit HTTP/1.1" 200 2772 "-" "Mozilla/5.0 (X11; Ubuntu; Linux x86_64; rv:61.0) Gecko/20100101 Firefox/61.0"
localhost - - [07/Aug/2018:22:08:03 +0200] "GET /templates/assets/libs/bootstrap-4-grid/grid.min.css HTTP/1.1" 200 5831 "http://project:81/profile-edit" "Mozilla/5.0 (X11; Ubuntu; Linux x86_64; rv:61.0) Gecko/20100101 Firefox/61.0"
localhost - - [07/Aug/2018:22:08:03 +0200] "GET /templates/assets/libs/jquery/jquery.min.js HTTP/1.1" 200 30645 "http://project:81/profile-edit" "Mozilla/5.0 (X11; Ubuntu; Linux x86_64; rv:61.0) Gecko/20100101 Firefox/61.0"
localhost - - [07/Aug/2018:22:08:03 +0200] "GET /templates/assets/js/navigation.js HTTP/1.1" 200 1081 "http://project:81/profile-edit" "Mozilla/5.0 (X11; Ubuntu; Linux x86_64; rv:61.0) Gecko/20100101 Firefox/61.0"
localhost - - [07/Aug/2018:22:08:03 +0200] "GET /templates/assets/js/main.js HTTP/1.1" 200 304 "http://project:81/profile-edit" "Mozilla/5.0 (X11; Ubuntu; Linux x86_64; rv:61.0) Gecko/20100101 Firefox/61.0"
localhost - - [07/Aug/2018:22:08:03 +0200] "GET /templates/assets/js/fileReader.js HTTP/1.1" 200 1143 "http://project:81/profile-edit" "Mozilla/5.0 (X11; Ubuntu; Linux x86_64; rv:61.0) Gecko/20100101 Firefox/61.0"
localhost - - [07/Aug/2018:22:08:03 +0200] "GET /templates/assets/css/main.css HTTP/1.1" 200 52018 "http://project:81/profile-edit" "Mozilla/5.0 (X11; Ubuntu; Linux x86_64; rv:61.0) Gecko/20100101 Firefox/61.0"
localhost - - [07/Aug/2018:22:08:03 +0200] "GET //usercontent/avatar/%3Cbr%20/%3E%3Cb%3ENotice%3C/b%3E:%20%20Trying%20to%20get%20property%20of%20non-object%20in%20%3Cb%3E/home/alina/www/project/www/templates/profile/profile-edit.tpl%3C/b%3E%20on%20line%20%3Cb%3E32%3C/b%3E%3Cbr%20/%3E HTTP/1.1" 200 2950 "http://project:81/profile-edit" "Mozilla/5.0 (X11; Ubuntu; Linux x86_64; rv:61.0) Gecko/20100101 Firefox/61.0"
localhost - - [07/Aug/2018:22:08:04 +0200] "GET /templates/assets/img/bg/bg_header.jpg HTTP/1.1" 200 24699 "http://project:81/templates/assets/css/main.css" "Mozilla/5.0 (X11; Ubuntu; Linux x86_64; rv:61.0) Gecko/20100101 Firefox/61.0"
localhost - - [07/Aug/2018:22:08:04 +0200] "GET /templates/assets/img/sprite.svg HTTP/1.1" 200 17635 "-" "Mozilla/5.0 (X11; Ubuntu; Linux x86_64; rv:61.0) Gecko/20100101 Firefox/61.0"
localhost - - [07/Aug/2018:22:08:04 +0200] "GET /templates/assets/img/placeholders/user-avatar-placeholder-big.jpg HTTP/1.1" 200 3555 "http://project:81/templates/assets/css/main.css" "Mozilla/5.0 (X11; Ubuntu; Linux x86_64; rv:61.0) Gecko/20100101 Firefox/61.0"
localhost - - [07/Aug/2018:22:09:15 +0200] "GET /set-new-password?email=alina3a@bk.ru&code=yjb4Go9grkMeW5R HTTP/1.1" 200 475 "-" "Mozilla/5.0 (X11; Ubuntu; Linux x86_64; rv:61.0) Gecko/20100101 Firefox/61.0"
localhost - - [07/Aug/2018:22:10:46 +0200] "GET /set-new-password?email=alina3a@bk.ru&code=yjb4Go9grkMeW5R HTTP/1.1" 200 1672 "-" "Mozilla/5.0 (X11; Ubuntu; Linux x86_64; rv:61.0) Gecko/20100101 Firefox/61.0"
localhost - - [07/Aug/2018:22:10:46 +0200] "GET /img/sprite.svg HTTP/1.1" 200 2892 "-" "Mozilla/5.0 (X11; Ubuntu; Linux x86_64; rv:61.0) Gecko/20100101 Firefox/61.0"
localhost - - [07/Aug/2018:22:11:37 +0200] "GET /set-new-password?email=alina3a@bk.ru&code=yjb4Go9grkMeW5R HTTP/1.1" 200 1673 "-" "Mozilla/5.0 (X11; Ubuntu; Linux x86_64; rv:61.0) Gecko/20100101 Firefox/61.0"
localhost - - [07/Aug/2018:22:11:37 +0200] "GET /img/sprite.svg HTTP/1.1" 200 2892 "-" "Mozilla/5.0 (X11; Ubuntu; Linux x86_64; rv:61.0) Gecko/20100101 Firefox/61.0"
localhost - - [07/Aug/2018:22:13:37 +0200] "POST /set-new-password HTTP/1.1" 200 1727 "http://project:81/set-new-password?email=alina3a@bk.ru&code=yjb4Go9grkMeW5R" "Mozilla/5.0 (X11; Ubuntu; Linux x86_64; rv:61.0) Gecko/20100101 Firefox/61.0"
localhost - - [07/Aug/2018:22:13:37 +0200] "GET /img/sprite.svg HTTP/1.1" 200 2892 "-" "Mozilla/5.0 (X11; Ubuntu; Linux x86_64; rv:61.0) Gecko/20100101 Firefox/61.0"
localhost - - [07/Aug/2018:22:13:46 +0200] "POST /set-new-password HTTP/1.1" 200 1740 "http://project:81/set-new-password" "Mozilla/5.0 (X11; Ubuntu; Linux x86_64; rv:61.0) Gecko/20100101 Firefox/61.0"
localhost - - [07/Aug/2018:22:13:46 +0200] "GET /img/sprite.svg HTTP/1.1" 200 2892 "-" "Mozilla/5.0 (X11; Ubuntu; Linux x86_64; rv:61.0) Gecko/20100101 Firefox/61.0"
localhost - - [07/Aug/2018:22:14:11 +0200] "POST /set-new-password HTTP/1.1" 200 1895 "http://project:81/set-new-password" "Mozilla/5.0 (X11; Ubuntu; Linux x86_64; rv:61.0) Gecko/20100101 Firefox/61.0"
localhost - - [07/Aug/2018:22:14:11 +0200] "GET /img/sprite.svg HTTP/1.1" 200 2892 "-" "Mozilla/5.0 (X11; Ubuntu; Linux x86_64; rv:61.0) Gecko/20100101 Firefox/61.0"
localhost - - [07/Aug/2018:22:17:41 +0200] "GET /set-new-password HTTP/1.1" 302 343 "-" "Mozilla/5.0 (X11; Ubuntu; Linux x86_64; rv:61.0) Gecko/20100101 Firefox/61.0"
localhost - - [07/Aug/2018:22:17:41 +0200] "GET /lost-password HTTP/1.1" 200 1587 "-" "Mozilla/5.0 (X11; Ubuntu; Linux x86_64; rv:61.0) Gecko/20100101 Firefox/61.0"
localhost - - [07/Aug/2018:22:17:41 +0200] "GET /img/sprite.svg HTTP/1.1" 200 2892 "-" "Mozilla/5.0 (X11; Ubuntu; Linux x86_64; rv:61.0) Gecko/20100101 Firefox/61.0"
localhost - - [07/Aug/2018:22:17:52 +0200] "POST /lost-password HTTP/1.1" 200 1663 "http://project:81/lost-password" "Mozilla/5.0 (X11; Ubuntu; Linux x86_64; rv:61.0) Gecko/20100101 Firefox/61.0"
localhost - - [07/Aug/2018:22:17:52 +0200] "GET /img/sprite.svg HTTP/1.1" 200 2892 "-" "Mozilla/5.0 (X11; Ubuntu; Linux x86_64; rv:61.0) Gecko/20100101 Firefox/61.0"
localhost - - [07/Aug/2018:22:18:17 +0200] "GET /set-new-password?email=alina3a@bk.ru&code=3NUz1Vojb5guByP HTTP/1.1" 200 1694 "-" "Mozilla/5.0 (X11; Ubuntu; Linux x86_64; rv:61.0) Gecko/20100101 Firefox/61.0"
localhost - - [07/Aug/2018:22:18:17 +0200] "GET /img/sprite.svg HTTP/1.1" 200 2892 "-" "Mozilla/5.0 (X11; Ubuntu; Linux x86_64; rv:61.0) Gecko/20100101 Firefox/61.0"
localhost - - [07/Aug/2018:22:18:26 +0200] "POST /set-new-password HTTP/1.1" 200 1477 "http://project:81/set-new-password?email=alina3a@bk.ru&code=3NUz1Vojb5guByP" "Mozilla/5.0 (X11; Ubuntu; Linux x86_64; rv:61.0) Gecko/20100101 Firefox/61.0"
localhost - - [07/Aug/2018:22:18:26 +0200] "GET /img/sprite.svg HTTP/1.1" 200 2892 "-" "Mozilla/5.0 (X11; Ubuntu; Linux x86_64; rv:61.0) Gecko/20100101 Firefox/61.0"
localhost - - [07/Aug/2018:22:20:35 +0200] "GET /set-new-password HTTP/1.1" 302 343 "-" "Mozilla/5.0 (X11; Ubuntu; Linux x86_64; rv:61.0) Gecko/20100101 Firefox/61.0"
localhost - - [07/Aug/2018:22:20:35 +0200] "GET /lost-password HTTP/1.1" 200 1587 "-" "Mozilla/5.0 (X11; Ubuntu; Linux x86_64; rv:61.0) Gecko/20100101 Firefox/61.0"
localhost - - [07/Aug/2018:22:20:35 +0200] "GET /img/sprite.svg HTTP/1.1" 200 2892 "-" "Mozilla/5.0 (X11; Ubuntu; Linux x86_64; rv:61.0) Gecko/20100101 Firefox/61.0"
localhost - - [07/Aug/2018:22:20:52 +0200] "GET /set-new-password?email=alina3a@bk.ru&code=3NUz1Vojb5guByP HTTP/1.1" 200 1694 "-" "Mozilla/5.0 (X11; Ubuntu; Linux x86_64; rv:61.0) Gecko/20100101 Firefox/61.0"
localhost - - [07/Aug/2018:22:20:52 +0200] "GET /img/sprite.svg HTTP/1.1" 200 2892 "-" "Mozilla/5.0 (X11; Ubuntu; Linux x86_64; rv:61.0) Gecko/20100101 Firefox/61.0"
localhost - - [07/Aug/2018:22:20:55 +0200] "POST /set-new-password HTTP/1.1" 200 1761 "http://project:81/set-new-password?email=alina3a@bk.ru&code=3NUz1Vojb5guByP" "Mozilla/5.0 (X11; Ubuntu; Linux x86_64; rv:61.0) Gecko/20100101 Firefox/61.0"
localhost - - [07/Aug/2018:22:20:55 +0200] "GET /img/sprite.svg HTTP/1.1" 200 2892 "-" "Mozilla/5.0 (X11; Ubuntu; Linux x86_64; rv:61.0) Gecko/20100101 Firefox/61.0"
localhost - - [07/Aug/2018:22:21:04 +0200] "POST /set-new-password HTTP/1.1" 200 1762 "http://project:81/set-new-password" "Mozilla/5.0 (X11; Ubuntu; Linux x86_64; rv:61.0) Gecko/20100101 Firefox/61.0"
localhost - - [07/Aug/2018:22:21:04 +0200] "GET /img/sprite.svg HTTP/1.1" 200 2892 "-" "Mozilla/5.0 (X11; Ubuntu; Linux x86_64; rv:61.0) Gecko/20100101 Firefox/61.0"
localhost - - [07/Aug/2018:22:21:05 +0200] "POST /set-new-password HTTP/1.1" 200 1761 "http://project:81/set-new-password" "Mozilla/5.0 (X11; Ubuntu; Linux x86_64; rv:61.0) Gecko/20100101 Firefox/61.0"
localhost - - [07/Aug/2018:22:21:05 +0200] "GET /img/sprite.svg HTTP/1.1" 200 2892 "-" "Mozilla/5.0 (X11; Ubuntu; Linux x86_64; rv:61.0) Gecko/20100101 Firefox/61.0"
localhost - - [07/Aug/2018:22:21:08 +0200] "POST /set-new-password HTTP/1.1" 200 1761 "http://project:81/set-new-password" "Mozilla/5.0 (X11; Ubuntu; Linux x86_64; rv:61.0) Gecko/20100101 Firefox/61.0"
localhost - - [07/Aug/2018:22:21:08 +0200] "GET /img/sprite.svg HTTP/1.1" 200 2892 "-" "Mozilla/5.0 (X11; Ubuntu; Linux x86_64; rv:61.0) Gecko/20100101 Firefox/61.0"
localhost - - [07/Aug/2018:22:22:25 +0200] "POST /set-new-password HTTP/1.1" 200 1789 "http://project:81/set-new-password" "Mozilla/5.0 (X11; Ubuntu; Linux x86_64; rv:61.0) Gecko/20100101 Firefox/61.0"
localhost - - [07/Aug/2018:22:22:25 +0200] "GET /img/sprite.svg HTTP/1.1" 200 2892 "-" "Mozilla/5.0 (X11; Ubuntu; Linux x86_64; rv:61.0) Gecko/20100101 Firefox/61.0"
localhost - - [07/Aug/2018:22:28:48 +0200] "GET /login HTTP/1.1" 200 1650 "http://project:81/set-new-password" "Mozilla/5.0 (X11; Ubuntu; Linux x86_64; rv:61.0) Gecko/20100101 Firefox/61.0"
localhost - - [07/Aug/2018:22:28:48 +0200] "GET /templates/assets/img/icons/check.png HTTP/1.1" 200 417 "http://project:81/templates/assets/css/main.css" "Mozilla/5.0 (X11; Ubuntu; Linux x86_64; rv:61.0) Gecko/20100101 Firefox/61.0"
localhost - - [07/Aug/2018:22:28:48 +0200] "GET /img/sprite.svg HTTP/1.1" 200 2892 "-" "Mozilla/5.0 (X11; Ubuntu; Linux x86_64; rv:61.0) Gecko/20100101 Firefox/61.0"
localhost - - [07/Aug/2018:22:28:50 +0200] "GET /lost-password HTTP/1.1" 200 1587 "http://project:81/login" "Mozilla/5.0 (X11; Ubuntu; Linux x86_64; rv:61.0) Gecko/20100101 Firefox/61.0"
localhost - - [07/Aug/2018:22:28:50 +0200] "GET /img/sprite.svg HTTP/1.1" 200 2892 "-" "Mozilla/5.0 (X11; Ubuntu; Linux x86_64; rv:61.0) Gecko/20100101 Firefox/61.0"
localhost - - [07/Aug/2018:22:28:59 +0200] "POST /lost-password HTTP/1.1" 200 1663 "http://project:81/lost-password" "Mozilla/5.0 (X11; Ubuntu; Linux x86_64; rv:61.0) Gecko/20100101 Firefox/61.0"
localhost - - [07/Aug/2018:22:28:59 +0200] "GET /img/sprite.svg HTTP/1.1" 200 2892 "-" "Mozilla/5.0 (X11; Ubuntu; Linux x86_64; rv:61.0) Gecko/20100101 Firefox/61.0"
localhost - - [07/Aug/2018:22:31:46 +0200] "POST /lost-password HTTP/1.1" 200 1616 "http://project:81/lost-password" "Mozilla/5.0 (X11; Ubuntu; Linux x86_64; rv:61.0) Gecko/20100101 Firefox/61.0"
localhost - - [07/Aug/2018:22:31:47 +0200] "GET /img/sprite.svg HTTP/1.1" 200 2892 "-" "Mozilla/5.0 (X11; Ubuntu; Linux x86_64; rv:61.0) Gecko/20100101 Firefox/61.0"
localhost - - [07/Aug/2018:22:32:51 +0200] "GET /set-new-password?email=alina3a@bk.ru&code=Oh3UaEAG5RClVbL HTTP/1.1" 200 1723 "-" "Mozilla/5.0 (X11; Ubuntu; Linux x86_64; rv:61.0) Gecko/20100101 Firefox/61.0"
localhost - - [07/Aug/2018:22:32:52 +0200] "GET /img/sprite.svg HTTP/1.1" 200 2892 "-" "Mozilla/5.0 (X11; Ubuntu; Linux x86_64; rv:61.0) Gecko/20100101 Firefox/61.0"
localhost - - [07/Aug/2018:22:33:02 +0200] "POST /set-new-password HTTP/1.1" 200 1776 "http://project:81/set-new-password?email=alina3a@bk.ru&code=Oh3UaEAG5RClVbL" "Mozilla/5.0 (X11; Ubuntu; Linux x86_64; rv:61.0) Gecko/20100101 Firefox/61.0"
localhost - - [07/Aug/2018:22:33:02 +0200] "GET /img/sprite.svg HTTP/1.1" 200 2892 "-" "Mozilla/5.0 (X11; Ubuntu; Linux x86_64; rv:61.0) Gecko/20100101 Firefox/61.0"
localhost - - [07/Aug/2018:22:46:36 +0200] "GET /set-new-password?email=alina%D1%84%D1%84%D1%84@bk.ru&code=3NUz1Vojb5guByP HTTP/1.1" 200 1544 "-" "Mozilla/5.0 (X11; Ubuntu; Linux x86_64; rv:61.0) Gecko/20100101 Firefox/61.0"
localhost - - [07/Aug/2018:22:46:36 +0200] "GET /img/sprite.svg HTTP/1.1" 200 2892 "-" "Mozilla/5.0 (X11; Ubuntu; Linux x86_64; rv:61.0) Gecko/20100101 Firefox/61.0"
localhost - - [07/Aug/2018:22:48:32 +0200] "GET /set-new-password?email=alina%D1%84%D1%84%D1%84@bk.ru&code=3NUz1Vojb5guByP HTTP/1.1" 200 1626 "-" "Mozilla/5.0 (X11; Ubuntu; Linux x86_64; rv:61.0) Gecko/20100101 Firefox/61.0"
localhost - - [07/Aug/2018:22:48:32 +0200] "GET /img/sprite.svg HTTP/1.1" 200 2892 "-" "Mozilla/5.0 (X11; Ubuntu; Linux x86_64; rv:61.0) Gecko/20100101 Firefox/61.0"
localhost - - [07/Aug/2018:22:48:44 +0200] "GET /set-new-password?email=alina@bk.ru&code=3NUz1Vojb5guByP HTTP/1.1" 200 1626 "-" "Mozilla/5.0 (X11; Ubuntu; Linux x86_64; rv:61.0) Gecko/20100101 Firefox/61.0"
localhost - - [07/Aug/2018:22:48:44 +0200] "GET /img/sprite.svg HTTP/1.1" 200 2892 "-" "Mozilla/5.0 (X11; Ubuntu; Linux x86_64; rv:61.0) Gecko/20100101 Firefox/61.0"
localhost - - [07/Aug/2018:22:49:12 +0200] "GET /set-new-password?email=test@mail.ru&code=3NUz1Vojb5guByP HTTP/1.1" 200 1644 "-" "Mozilla/5.0 (X11; Ubuntu; Linux x86_64; rv:61.0) Gecko/20100101 Firefox/61.0"
localhost - - [07/Aug/2018:22:49:12 +0200] "GET /img/sprite.svg HTTP/1.1" 200 2892 "-" "Mozilla/5.0 (X11; Ubuntu; Linux x86_64; rv:61.0) Gecko/20100101 Firefox/61.0"
localhost - - [07/Aug/2018:22:50:02 +0200] "GET /set-new-password?email=alina3a@bk.ru&code=3NUz1Vojb5guByP HTTP/1.1" 200 1644 "-" "Mozilla/5.0 (X11; Ubuntu; Linux x86_64; rv:61.0) Gecko/20100101 Firefox/61.0"
localhost - - [07/Aug/2018:22:50:02 +0200] "GET /img/sprite.svg HTTP/1.1" 200 2892 "-" "Mozilla/5.0 (X11; Ubuntu; Linux x86_64; rv:61.0) Gecko/20100101 Firefox/61.0"
localhost - - [07/Aug/2018:22:50:30 +0200] "GET /set-new-password?email=alina3a@bk.ru&code=Oh3UaEAG5RClVbL HTTP/1.1" 200 1619 "-" "Mozilla/5.0 (X11; Ubuntu; Linux x86_64; rv:61.0) Gecko/20100101 Firefox/61.0"
localhost - - [07/Aug/2018:22:50:30 +0200] "GET /img/sprite.svg HTTP/1.1" 200 2892 "-" "Mozilla/5.0 (X11; Ubuntu; Linux x86_64; rv:61.0) Gecko/20100101 Firefox/61.0"
localhost - - [07/Aug/2018:22:50:53 +0200] "GET /%3C?=HOST?%3Elogin HTTP/1.1" 200 2893 "http://project:81/set-new-password?email=alina3a@bk.ru&code=Oh3UaEAG5RClVbL" "Mozilla/5.0 (X11; Ubuntu; Linux x86_64; rv:61.0) Gecko/20100101 Firefox/61.0"
localhost - - [07/Aug/2018:22:50:54 +0200] "GET /img/avatar-img/photo-big.jpg HTTP/1.1" 200 2892 "http://project:81/%3C?=HOST?%3Elogin" "Mozilla/5.0 (X11; Ubuntu; Linux x86_64; rv:61.0) Gecko/20100101 Firefox/61.0"
localhost - - [07/Aug/2018:22:50:54 +0200] "GET /img/cards/blog/blog_new-york.jpg HTTP/1.1" 200 2893 "http://project:81/%3C?=HOST?%3Elogin" "Mozilla/5.0 (X11; Ubuntu; Linux x86_64; rv:61.0) Gecko/20100101 Firefox/61.0"
localhost - - [07/Aug/2018:22:50:54 +0200] "GET /img/cards/portfolio/develop_ui-elements.jpg HTTP/1.1" 200 2893 "http://project:81/%3C?=HOST?%3Elogin" "Mozilla/5.0 (X11; Ubuntu; Linux x86_64; rv:61.0) Gecko/20100101 Firefox/61.0"
localhost - - [07/Aug/2018:22:50:54 +0200] "GET /img/cards/portfolio/portfolio_landing-page.jpg HTTP/1.1" 200 2893 "http://project:81/%3C?=HOST?%3Elogin" "Mozilla/5.0 (X11; Ubuntu; Linux x86_64; rv:61.0) Gecko/20100101 Firefox/61.0"
localhost - - [07/Aug/2018:22:50:54 +0200] "GET /img/cards/blog/blog_naturals.jpg HTTP/1.1" 200 2893 "http://project:81/%3C?=HOST?%3Elogin" "Mozilla/5.0 (X11; Ubuntu; Linux x86_64; rv:61.0) Gecko/20100101 Firefox/61.0"
localhost - - [07/Aug/2018:22:50:54 +0200] "GET /img/cards/blog/blog_summer.jpg HTTP/1.1" 200 2892 "http://project:81/%3C?=HOST?%3Elogin" "Mozilla/5.0 (X11; Ubuntu; Linux x86_64; rv:61.0) Gecko/20100101 Firefox/61.0"
localhost - - [07/Aug/2018:22:50:54 +0200] "GET /img/cards/portfolio/internet-shops.jpg HTTP/1.1" 200 2893 "http://project:81/%3C?=HOST?%3Elogin" "Mozilla/5.0 (X11; Ubuntu; Linux x86_64; rv:61.0) Gecko/20100101 Firefox/61.0"
localhost - - [07/Aug/2018:22:52:22 +0200] "GET /login HTTP/1.1" 200 1650 "http://project:81/%3C?=HOST?%3Elogin" "Mozilla/5.0 (X11; Ubuntu; Linux x86_64; rv:61.0) Gecko/20100101 Firefox/61.0"
localhost - - [07/Aug/2018:22:52:22 +0200] "GET /img/sprite.svg HTTP/1.1" 200 2892 "-" "Mozilla/5.0 (X11; Ubuntu; Linux x86_64; rv:61.0) Gecko/20100101 Firefox/61.0"
localhost - - [07/Aug/2018:22:52:26 +0200] "GET /lost-password HTTP/1.1" 200 1587 "http://project:81/login" "Mozilla/5.0 (X11; Ubuntu; Linux x86_64; rv:61.0) Gecko/20100101 Firefox/61.0"
localhost - - [07/Aug/2018:22:52:26 +0200] "GET /img/sprite.svg HTTP/1.1" 200 2892 "-" "Mozilla/5.0 (X11; Ubuntu; Linux x86_64; rv:61.0) Gecko/20100101 Firefox/61.0"
localhost - - [07/Aug/2018:22:52:30 +0200] "POST /lost-password HTTP/1.1" 200 1615 "http://project:81/lost-password" "Mozilla/5.0 (X11; Ubuntu; Linux x86_64; rv:61.0) Gecko/20100101 Firefox/61.0"
localhost - - [07/Aug/2018:22:52:30 +0200] "GET /img/sprite.svg HTTP/1.1" 200 2892 "-" "Mozilla/5.0 (X11; Ubuntu; Linux x86_64; rv:61.0) Gecko/20100101 Firefox/61.0"
localhost - - [07/Aug/2018:22:52:48 +0200] "GET /set-new-password?email=alina3a@bk.ru&code=scwO8ab6LzKSMgW%27 HTTP/1.1" 200 1638 "-" "Mozilla/5.0 (X11; Ubuntu; Linux x86_64; rv:61.0) Gecko/20100101 Firefox/61.0"
localhost - - [07/Aug/2018:22:52:48 +0200] "GET /img/sprite.svg HTTP/1.1" 200 2892 "-" "Mozilla/5.0 (X11; Ubuntu; Linux x86_64; rv:61.0) Gecko/20100101 Firefox/61.0"
localhost - - [07/Aug/2018:22:53:11 +0200] "GET /set-new-password?email=alina3a@bk.ru&code=scwO8ab6LzKSMgW HTTP/1.1" 200 1722 "-" "Mozilla/5.0 (X11; Ubuntu; Linux x86_64; rv:61.0) Gecko/20100101 Firefox/61.0"
localhost - - [07/Aug/2018:22:53:12 +0200] "GET /img/sprite.svg HTTP/1.1" 200 2892 "-" "Mozilla/5.0 (X11; Ubuntu; Linux x86_64; rv:61.0) Gecko/20100101 Firefox/61.0"
localhost - - [07/Aug/2018:22:53:17 +0200] "POST /set-new-password HTTP/1.1" 200 1789 "http://project:81/set-new-password?email=alina3a@bk.ru&code=scwO8ab6LzKSMgW" "Mozilla/5.0 (X11; Ubuntu; Linux x86_64; rv:61.0) Gecko/20100101 Firefox/61.0"
localhost - - [07/Aug/2018:22:53:17 +0200] "GET /img/sprite.svg HTTP/1.1" 200 2892 "-" "Mozilla/5.0 (X11; Ubuntu; Linux x86_64; rv:61.0) Gecko/20100101 Firefox/61.0"
localhost - - [07/Aug/2018:23:13:19 +0200] "POST /set-new-password HTTP/1.1" 200 1927 "http://project:81/set-new-password" "Mozilla/5.0 (X11; Ubuntu; Linux x86_64; rv:61.0) Gecko/20100101 Firefox/61.0"
localhost - - [07/Aug/2018:23:13:19 +0200] "GET /img/sprite.svg HTTP/1.1" 200 2892 "-" "Mozilla/5.0 (X11; Ubuntu; Linux x86_64; rv:61.0) Gecko/20100101 Firefox/61.0"
localhost - - [07/Aug/2018:23:13:30 +0200] "GET /login HTTP/1.1" 200 1650 "http://project:81/set-new-password" "Mozilla/5.0 (X11; Ubuntu; Linux x86_64; rv:61.0) Gecko/20100101 Firefox/61.0"
localhost - - [07/Aug/2018:23:13:30 +0200] "GET /img/sprite.svg HTTP/1.1" 200 2892 "-" "Mozilla/5.0 (X11; Ubuntu; Linux x86_64; rv:61.0) Gecko/20100101 Firefox/61.0"
localhost - - [07/Aug/2018:23:14:35 +0200] "GET /lost-password HTTP/1.1" 200 1588 "http://project:81/login" "Mozilla/5.0 (X11; Ubuntu; Linux x86_64; rv:61.0) Gecko/20100101 Firefox/61.0"
localhost - - [07/Aug/2018:23:14:35 +0200] "GET /img/sprite.svg HTTP/1.1" 200 2892 "-" "Mozilla/5.0 (X11; Ubuntu; Linux x86_64; rv:61.0) Gecko/20100101 Firefox/61.0"
localhost - - [07/Aug/2018:23:14:39 +0200] "POST /lost-password HTTP/1.1" 200 1615 "http://project:81/lost-password" "Mozilla/5.0 (X11; Ubuntu; Linux x86_64; rv:61.0) Gecko/20100101 Firefox/61.0"
localhost - - [07/Aug/2018:23:14:39 +0200] "GET /img/sprite.svg HTTP/1.1" 200 2892 "-" "Mozilla/5.0 (X11; Ubuntu; Linux x86_64; rv:61.0) Gecko/20100101 Firefox/61.0"
localhost - - [07/Aug/2018:23:14:57 +0200] "GET /set-new-password?email=alina3a@bk.ru&code=9wSE8m7Pl5BAyio HTTP/1.1" 200 1721 "-" "Mozilla/5.0 (X11; Ubuntu; Linux x86_64; rv:61.0) Gecko/20100101 Firefox/61.0"
localhost - - [07/Aug/2018:23:14:58 +0200] "GET /img/sprite.svg HTTP/1.1" 200 2892 "-" "Mozilla/5.0 (X11; Ubuntu; Linux x86_64; rv:61.0) Gecko/20100101 Firefox/61.0"
localhost - - [07/Aug/2018:23:15:05 +0200] "POST /set-new-password HTTP/1.1" 302 342 "http://project:81/set-new-password?email=alina3a@bk.ru&code=9wSE8m7Pl5BAyio" "Mozilla/5.0 (X11; Ubuntu; Linux x86_64; rv:61.0) Gecko/20100101 Firefox/61.0"
localhost - - [07/Aug/2018:23:15:05 +0200] "GET /profile-edit HTTP/1.1" 200 3026 "http://project:81/set-new-password?email=alina3a@bk.ru&code=9wSE8m7Pl5BAyio" "Mozilla/5.0 (X11; Ubuntu; Linux x86_64; rv:61.0) Gecko/20100101 Firefox/61.0"
localhost - - [07/Aug/2018:23:15:05 +0200] "GET /templates/assets/js/fileReader.js HTTP/1.1" 200 1143 "http://project:81/profile-edit" "Mozilla/5.0 (X11; Ubuntu; Linux x86_64; rv:61.0) Gecko/20100101 Firefox/61.0"
localhost - - [07/Aug/2018:23:15:05 +0200] "GET /templates/assets/img/sprite.svg HTTP/1.1" 200 17635 "-" "Mozilla/5.0 (X11; Ubuntu; Linux x86_64; rv:61.0) Gecko/20100101 Firefox/61.0"
localhost - - [07/Aug/2018:23:15:05 +0200] "GET //usercontent/avatar/small/219843549234.jpg HTTP/1.1" 200 1777 "http://project:81/profile-edit" "Mozilla/5.0 (X11; Ubuntu; Linux x86_64; rv:61.0) Gecko/20100101 Firefox/61.0"
localhost - - [07/Aug/2018:23:15:05 +0200] "GET //usercontent/avatar/219843549234.jpg HTTP/1.1" 200 22676 "http://project:81/profile-edit" "Mozilla/5.0 (X11; Ubuntu; Linux x86_64; rv:61.0) Gecko/20100101 Firefox/61.0"
localhost - - [07/Aug/2018:23:15:05 +0200] "GET /templates/assets/img/avatar-img/photo-small.jpg HTTP/1.1" 200 2204 "http://project:81/profile-edit" "Mozilla/5.0 (X11; Ubuntu; Linux x86_64; rv:61.0) Gecko/20100101 Firefox/61.0"
localhost - - [07/Aug/2018:23:15:05 +0200] "GET /templates/assets/img/bg/bg_header.jpg HTTP/1.1" 200 24699 "http://project:81/templates/assets/css/main.css" "Mozilla/5.0 (X11; Ubuntu; Linux x86_64; rv:61.0) Gecko/20100101 Firefox/61.0"
localhost - - [07/Aug/2018:23:15:05 +0200] "GET /templates/assets/img/placeholders/user-avatar-placeholder-big.jpg HTTP/1.1" 200 3555 "http://project:81/templates/assets/css/main.css" "Mozilla/5.0 (X11; Ubuntu; Linux x86_64; rv:61.0) Gecko/20100101 Firefox/61.0"
localhost - - [07/Aug/2018:23:16:12 +0200] "GET /profile-edit HTTP/1.1" 200 2902 "-" "Mozilla/5.0 (X11; Ubuntu; Linux x86_64; rv:61.0) Gecko/20100101 Firefox/61.0"
localhost - - [07/Aug/2018:23:21:13 +0200] "GET /logout HTTP/1.1" 302 419 "http://project:81/profile-edit" "Mozilla/5.0 (X11; Ubuntu; Linux x86_64; rv:61.0) Gecko/20100101 Firefox/61.0"
localhost - - [07/Aug/2018:23:21:13 +0200] "GET / HTTP/1.1" 200 2950 "http://project:81/profile-edit" "Mozilla/5.0 (X11; Ubuntu; Linux x86_64; rv:61.0) Gecko/20100101 Firefox/61.0"
localhost - - [07/Aug/2018:23:21:14 +0200] "GET /img/avatar-img/photo-big.jpg HTTP/1.1" 200 2892 "http://project:81/" "Mozilla/5.0 (X11; Ubuntu; Linux x86_64; rv:61.0) Gecko/20100101 Firefox/61.0"
localhost - - [07/Aug/2018:23:21:14 +0200] "GET /img/cards/portfolio/internet-shops.jpg HTTP/1.1" 200 2893 "http://project:81/" "Mozilla/5.0 (X11; Ubuntu; Linux x86_64; rv:61.0) Gecko/20100101 Firefox/61.0"
localhost - - [07/Aug/2018:23:21:14 +0200] "GET /img/cards/blog/blog_naturals.jpg HTTP/1.1" 200 2893 "http://project:81/" "Mozilla/5.0 (X11; Ubuntu; Linux x86_64; rv:61.0) Gecko/20100101 Firefox/61.0"
localhost - - [07/Aug/2018:23:21:14 +0200] "GET /img/cards/portfolio/portfolio_landing-page.jpg HTTP/1.1" 200 2893 "http://project:81/" "Mozilla/5.0 (X11; Ubuntu; Linux x86_64; rv:61.0) Gecko/20100101 Firefox/61.0"
localhost - - [07/Aug/2018:23:21:14 +0200] "GET /img/cards/portfolio/develop_ui-elements.jpg HTTP/1.1" 200 2893 "http://project:81/" "Mozilla/5.0 (X11; Ubuntu; Linux x86_64; rv:61.0) Gecko/20100101 Firefox/61.0"
localhost - - [07/Aug/2018:23:21:14 +0200] "GET /img/cards/blog/blog_new-york.jpg HTTP/1.1" 200 2893 "http://project:81/" "Mozilla/5.0 (X11; Ubuntu; Linux x86_64; rv:61.0) Gecko/20100101 Firefox/61.0"
localhost - - [07/Aug/2018:23:21:14 +0200] "GET /img/cards/blog/blog_summer.jpg HTTP/1.1" 200 2892 "http://project:81/" "Mozilla/5.0 (X11; Ubuntu; Linux x86_64; rv:61.0) Gecko/20100101 Firefox/61.0"
localhost - - [07/Aug/2018:23:21:16 +0200] "GET /login HTTP/1.1" 200 1649 "http://project:81/" "Mozilla/5.0 (X11; Ubuntu; Linux x86_64; rv:61.0) Gecko/20100101 Firefox/61.0"
localhost - - [07/Aug/2018:23:21:16 +0200] "GET /img/sprite.svg HTTP/1.1" 200 2892 "-" "Mozilla/5.0 (X11; Ubuntu; Linux x86_64; rv:61.0) Gecko/20100101 Firefox/61.0"
localhost - - [07/Aug/2018:23:21:18 +0200] "GET /lost-password HTTP/1.1" 200 1587 "http://project:81/login" "Mozilla/5.0 (X11; Ubuntu; Linux x86_64; rv:61.0) Gecko/20100101 Firefox/61.0"
localhost - - [07/Aug/2018:23:21:18 +0200] "GET /img/sprite.svg HTTP/1.1" 200 2892 "-" "Mozilla/5.0 (X11; Ubuntu; Linux x86_64; rv:61.0) Gecko/20100101 Firefox/61.0"
localhost - - [07/Aug/2018:23:21:33 +0200] "GET /set-new-password?email=alina3a@bk.ru&code=9wSE8m7Pl5BAyio HTTP/1.1" 200 1721 "-" "Mozilla/5.0 (X11; Ubuntu; Linux x86_64; rv:61.0) Gecko/20100101 Firefox/61.0"
localhost - - [07/Aug/2018:23:21:33 +0200] "GET /img/sprite.svg HTTP/1.1" 200 2892 "-" "Mozilla/5.0 (X11; Ubuntu; Linux x86_64; rv:61.0) Gecko/20100101 Firefox/61.0"
localhost - - [07/Aug/2018:23:22:21 +0200] "GET /set-new-password?email=alina3a@bk.ru&code=9wSE8m7Pl5BAyio HTTP/1.1" 200 1614 "-" "Mozilla/5.0 (X11; Ubuntu; Linux x86_64; rv:61.0) Gecko/20100101 Firefox/61.0"
localhost - - [07/Aug/2018:23:22:21 +0200] "GET /img/sprite.svg HTTP/1.1" 200 2892 "-" "Mozilla/5.0 (X11; Ubuntu; Linux x86_64; rv:61.0) Gecko/20100101 Firefox/61.0"
localhost - - [07/Aug/2018:23:22:25 +0200] "GET /login HTTP/1.1" 200 1649 "http://project:81/set-new-password?email=alina3a@bk.ru&code=9wSE8m7Pl5BAyio" "Mozilla/5.0 (X11; Ubuntu; Linux x86_64; rv:61.0) Gecko/20100101 Firefox/61.0"
localhost - - [07/Aug/2018:23:22:26 +0200] "GET /img/sprite.svg HTTP/1.1" 200 2892 "-" "Mozilla/5.0 (X11; Ubuntu; Linux x86_64; rv:61.0) Gecko/20100101 Firefox/61.0"
localhost - - [07/Aug/2018:23:22:27 +0200] "GET /lost-password HTTP/1.1" 200 1587 "http://project:81/login" "Mozilla/5.0 (X11; Ubuntu; Linux x86_64; rv:61.0) Gecko/20100101 Firefox/61.0"
localhost - - [07/Aug/2018:23:22:27 +0200] "GET /img/sprite.svg HTTP/1.1" 200 2892 "-" "Mozilla/5.0 (X11; Ubuntu; Linux x86_64; rv:61.0) Gecko/20100101 Firefox/61.0"
localhost - - [07/Aug/2018:23:22:30 +0200] "POST /lost-password HTTP/1.1" 200 1614 "http://project:81/lost-password" "Mozilla/5.0 (X11; Ubuntu; Linux x86_64; rv:61.0) Gecko/20100101 Firefox/61.0"
localhost - - [07/Aug/2018:23:22:31 +0200] "GET /img/sprite.svg HTTP/1.1" 200 2892 "-" "Mozilla/5.0 (X11; Ubuntu; Linux x86_64; rv:61.0) Gecko/20100101 Firefox/61.0"
localhost - - [07/Aug/2018:23:22:45 +0200] "GET /set-new-password?email=alina3a@bk.ru&code=4ykNdiw3nap96Xx HTTP/1.1" 200 1706 "-" "Mozilla/5.0 (X11; Ubuntu; Linux x86_64; rv:61.0) Gecko/20100101 Firefox/61.0"
localhost - - [07/Aug/2018:23:22:46 +0200] "GET /img/sprite.svg HTTP/1.1" 200 2892 "-" "Mozilla/5.0 (X11; Ubuntu; Linux x86_64; rv:61.0) Gecko/20100101 Firefox/61.0"
localhost - - [07/Aug/2018:23:23:03 +0200] "GET / HTTP/1.1" 200 2951 "-" "Mozilla/5.0 (X11; Ubuntu; Linux x86_64; rv:61.0) Gecko/20100101 Firefox/61.0"
localhost - - [07/Aug/2018:23:23:03 +0200] "GET /templates/assets/libs/bootstrap-4-grid/grid.min.css HTTP/1.1" 200 5831 "http://project:81/" "Mozilla/5.0 (X11; Ubuntu; Linux x86_64; rv:61.0) Gecko/20100101 Firefox/61.0"
localhost - - [07/Aug/2018:23:23:03 +0200] "GET /templates/assets/css/main.css HTTP/1.1" 200 52018 "http://project:81/" "Mozilla/5.0 (X11; Ubuntu; Linux x86_64; rv:61.0) Gecko/20100101 Firefox/61.0"
localhost - - [07/Aug/2018:23:23:03 +0200] "GET /templates/assets/libs/jquery/jquery.min.js HTTP/1.1" 200 30644 "http://project:81/" "Mozilla/5.0 (X11; Ubuntu; Linux x86_64; rv:61.0) Gecko/20100101 Firefox/61.0"
localhost - - [07/Aug/2018:23:23:03 +0200] "GET /templates/assets/js/main.js HTTP/1.1" 200 304 "http://project:81/" "Mozilla/5.0 (X11; Ubuntu; Linux x86_64; rv:61.0) Gecko/20100101 Firefox/61.0"
localhost - - [07/Aug/2018:23:23:03 +0200] "GET /templates/assets/js/fileReader.js HTTP/1.1" 200 1143 "http://project:81/" "Mozilla/5.0 (X11; Ubuntu; Linux x86_64; rv:61.0) Gecko/20100101 Firefox/61.0"
localhost - - [07/Aug/2018:23:23:03 +0200] "GET /templates/assets/js/navigation.js HTTP/1.1" 200 1081 "http://project:81/" "Mozilla/5.0 (X11; Ubuntu; Linux x86_64; rv:61.0) Gecko/20100101 Firefox/61.0"
localhost - - [07/Aug/2018:23:23:03 +0200] "GET /img/cards/portfolio/develop_ui-elements.jpg HTTP/1.1" 200 2950 "http://project:81/" "Mozilla/5.0 (X11; Ubuntu; Linux x86_64; rv:61.0) Gecko/20100101 Firefox/61.0"
localhost - - [07/Aug/2018:23:23:03 +0200] "GET /img/avatar-img/photo-big.jpg HTTP/1.1" 200 2950 "http://project:81/" "Mozilla/5.0 (X11; Ubuntu; Linux x86_64; rv:61.0) Gecko/20100101 Firefox/61.0"
localhost - - [07/Aug/2018:23:23:03 +0200] "GET /img/cards/blog/blog_naturals.jpg HTTP/1.1" 200 2951 "http://project:81/" "Mozilla/5.0 (X11; Ubuntu; Linux x86_64; rv:61.0) Gecko/20100101 Firefox/61.0"
localhost - - [07/Aug/2018:23:23:03 +0200] "GET /img/cards/portfolio/portfolio_landing-page.jpg HTTP/1.1" 200 2950 "http://project:81/" "Mozilla/5.0 (X11; Ubuntu; Linux x86_64; rv:61.0) Gecko/20100101 Firefox/61.0"
localhost - - [07/Aug/2018:23:23:03 +0200] "GET /img/cards/blog/blog_new-york.jpg HTTP/1.1" 200 2951 "http://project:81/" "Mozilla/5.0 (X11; Ubuntu; Linux x86_64; rv:61.0) Gecko/20100101 Firefox/61.0"
localhost - - [07/Aug/2018:23:23:03 +0200] "GET /img/cards/portfolio/internet-shops.jpg HTTP/1.1" 200 2950 "http://project:81/" "Mozilla/5.0 (X11; Ubuntu; Linux x86_64; rv:61.0) Gecko/20100101 Firefox/61.0"
localhost - - [07/Aug/2018:23:23:03 +0200] "GET /img/cards/blog/blog_summer.jpg HTTP/1.1" 200 2950 "http://project:81/" "Mozilla/5.0 (X11; Ubuntu; Linux x86_64; rv:61.0) Gecko/20100101 Firefox/61.0"
localhost - - [07/Aug/2018:23:23:04 +0200] "GET /templates/assets/img/bg/bg_header.jpg HTTP/1.1" 200 24699 "http://project:81/templates/assets/css/main.css" "Mozilla/5.0 (X11; Ubuntu; Linux x86_64; rv:61.0) Gecko/20100101 Firefox/61.0"
localhost - - [07/Aug/2018:23:23:04 +0200] "GET /templates/assets/img/sprite.svg HTTP/1.1" 200 17635 "-" "Mozilla/5.0 (X11; Ubuntu; Linux x86_64; rv:61.0) Gecko/20100101 Firefox/61.0"
localhost - - [07/Aug/2018:23:23:04 +0200] "GET /templates/assets/img/placeholders/user-avatar-placeholder-big.jpg HTTP/1.1" 200 3555 "http://project:81/templates/assets/css/main.css" "Mozilla/5.0 (X11; Ubuntu; Linux x86_64; rv:61.0) Gecko/20100101 Firefox/61.0"
localhost - - [07/Aug/2018:23:40:12 +0200] "POST /set-new-password HTTP/1.1" 200 1762 "http://project:81/set-new-password?email=alina3a@bk.ru&code=4ykNdiw3nap96Xx" "Mozilla/5.0 (X11; Ubuntu; Linux x86_64; rv:61.0) Gecko/20100101 Firefox/61.0"
localhost - - [07/Aug/2018:23:40:12 +0200] "GET /img/sprite.svg HTTP/1.1" 200 2892 "-" "Mozilla/5.0 (X11; Ubuntu; Linux x86_64; rv:61.0) Gecko/20100101 Firefox/61.0"
localhost - - [07/Aug/2018:23:40:19 +0200] "GET /set-new-password?email=alina3a@bk.ru&code=4ykNdiw3nap96Xx HTTP/1.1" 200 1693 "-" "Mozilla/5.0 (X11; Ubuntu; Linux x86_64; rv:61.0) Gecko/20100101 Firefox/61.0"
localhost - - [07/Aug/2018:23:40:19 +0200] "GET /img/sprite.svg HTTP/1.1" 200 2892 "-" "Mozilla/5.0 (X11; Ubuntu; Linux x86_64; rv:61.0) Gecko/20100101 Firefox/61.0"
localhost - - [07/Aug/2018:23:40:23 +0200] "GET /set-new-password?email=alina3a@bk.ru&code=4ykNdiw3nap96Xx HTTP/1.1" 200 1621 "-" "Mozilla/5.0 (X11; Ubuntu; Linux x86_64; rv:61.0) Gecko/20100101 Firefox/61.0"
localhost - - [07/Aug/2018:23:40:23 +0200] "GET /img/sprite.svg HTTP/1.1" 200 2892 "-" "Mozilla/5.0 (X11; Ubuntu; Linux x86_64; rv:61.0) Gecko/20100101 Firefox/61.0"
localhost - - [07/Aug/2018:23:41:18 +0200] "GET /set-new-password?email=alina3a@bk.ru&code=4ykNdiw3nap96Xx HTTP/1.1" 200 1541 "-" "Mozilla/5.0 (X11; Ubuntu; Linux x86_64; rv:61.0) Gecko/20100101 Firefox/61.0"
localhost - - [07/Aug/2018:23:41:20 +0200] "GET /img/sprite.svg HTTP/1.1" 200 2892 "-" "Mozilla/5.0 (X11; Ubuntu; Linux x86_64; rv:61.0) Gecko/20100101 Firefox/61.0"
localhost - - [07/Aug/2018:23:44:58 +0200] "GET /set-new-password?email=alina3a@bk.ru&code=4ykNdiw3nap96Xx HTTP/1.1" 200 1553 "-" "Mozilla/5.0 (X11; Ubuntu; Linux x86_64; rv:61.0) Gecko/20100101 Firefox/61.0"
localhost - - [07/Aug/2018:23:44:58 +0200] "GET /img/sprite.svg HTTP/1.1" 200 2892 "-" "Mozilla/5.0 (X11; Ubuntu; Linux x86_64; rv:61.0) Gecko/20100101 Firefox/61.0"
localhost - - [07/Aug/2018:23:46:10 +0200] "GET /set-new-password?email=alina3a@bk.ru&code=4ykNdiw3nap96Xx HTTP/1.1" 200 1558 "-" "Mozilla/5.0 (X11; Ubuntu; Linux x86_64; rv:61.0) Gecko/20100101 Firefox/61.0"
localhost - - [07/Aug/2018:23:46:10 +0200] "GET /img/sprite.svg HTTP/1.1" 200 2892 "-" "Mozilla/5.0 (X11; Ubuntu; Linux x86_64; rv:61.0) Gecko/20100101 Firefox/61.0"
localhost - - [07/Aug/2018:23:49:11 +0200] "GET /set-new-password?email=alina3a@bk.ru&code=4ykNdiw3nap96Xx HTTP/1.1" 200 1571 "-" "Mozilla/5.0 (X11; Ubuntu; Linux x86_64; rv:61.0) Gecko/20100101 Firefox/61.0"
localhost - - [07/Aug/2018:23:49:11 +0200] "GET /img/sprite.svg HTTP/1.1" 200 2892 "-" "Mozilla/5.0 (X11; Ubuntu; Linux x86_64; rv:61.0) Gecko/20100101 Firefox/61.0"
localhost - - [07/Aug/2018:23:49:35 +0200] "GET /login HTTP/1.1" 200 1650 "http://project:81/set-new-password?email=alina3a@bk.ru&code=4ykNdiw3nap96Xx" "Mozilla/5.0 (X11; Ubuntu; Linux x86_64; rv:61.0) Gecko/20100101 Firefox/61.0"
localhost - - [07/Aug/2018:23:49:35 +0200] "GET /img/sprite.svg HTTP/1.1" 200 2892 "-" "Mozilla/5.0 (X11; Ubuntu; Linux x86_64; rv:61.0) Gecko/20100101 Firefox/61.0"
localhost - - [07/Aug/2018:23:49:37 +0200] "GET /lost-password HTTP/1.1" 200 1587 "http://project:81/login" "Mozilla/5.0 (X11; Ubuntu; Linux x86_64; rv:61.0) Gecko/20100101 Firefox/61.0"
localhost - - [07/Aug/2018:23:49:37 +0200] "GET /img/sprite.svg HTTP/1.1" 200 2892 "-" "Mozilla/5.0 (X11; Ubuntu; Linux x86_64; rv:61.0) Gecko/20100101 Firefox/61.0"
localhost - - [07/Aug/2018:23:49:41 +0200] "POST /lost-password HTTP/1.1" 200 1614 "http://project:81/lost-password" "Mozilla/5.0 (X11; Ubuntu; Linux x86_64; rv:61.0) Gecko/20100101 Firefox/61.0"
localhost - - [07/Aug/2018:23:49:42 +0200] "GET /img/sprite.svg HTTP/1.1" 200 2892 "-" "Mozilla/5.0 (X11; Ubuntu; Linux x86_64; rv:61.0) Gecko/20100101 Firefox/61.0"
localhost - - [07/Aug/2018:23:49:59 +0200] "GET /set-new-password?email=alina3a@bk.ru&code=905c6PSCDZyw1dE HTTP/1.1" 200 1706 "-" "Mozilla/5.0 (X11; Ubuntu; Linux x86_64; rv:61.0) Gecko/20100101 Firefox/61.0"
localhost - - [07/Aug/2018:23:49:59 +0200] "GET /img/sprite.svg HTTP/1.1" 200 2892 "-" "Mozilla/5.0 (X11; Ubuntu; Linux x86_64; rv:61.0) Gecko/20100101 Firefox/61.0"
localhost - - [07/Aug/2018:23:51:35 +0200] "GET /login HTTP/1.1" 200 1650 "http://project:81/set-new-password?email=alina3a@bk.ru&code=905c6PSCDZyw1dE" "Mozilla/5.0 (X11; Ubuntu; Linux x86_64; rv:61.0) Gecko/20100101 Firefox/61.0"
localhost - - [07/Aug/2018:23:51:35 +0200] "GET /img/sprite.svg HTTP/1.1" 200 2893 "-" "Mozilla/5.0 (X11; Ubuntu; Linux x86_64; rv:61.0) Gecko/20100101 Firefox/61.0"
localhost - - [07/Aug/2018:23:51:58 +0200] "POST /login HTTP/1.1" 302 330 "http://project:81/login" "Mozilla/5.0 (X11; Ubuntu; Linux x86_64; rv:61.0) Gecko/20100101 Firefox/61.0"
localhost - - [07/Aug/2018:23:51:59 +0200] "GET / HTTP/1.1" 200 3324 "http://project:81/login" "Mozilla/5.0 (X11; Ubuntu; Linux x86_64; rv:61.0) Gecko/20100101 Firefox/61.0"
localhost - - [07/Aug/2018:23:51:59 +0200] "GET //usercontent/avatar/small/219843549234.jpg HTTP/1.1" 200 1777 "http://project:81/" "Mozilla/5.0 (X11; Ubuntu; Linux x86_64; rv:61.0) Gecko/20100101 Firefox/61.0"
localhost - - [07/Aug/2018:23:51:59 +0200] "GET /templates/assets/img/avatar-img/photo-small.jpg HTTP/1.1" 200 2204 "http://project:81/" "Mozilla/5.0 (X11; Ubuntu; Linux x86_64; rv:61.0) Gecko/20100101 Firefox/61.0"
localhost - - [07/Aug/2018:23:51:59 +0200] "GET /img/cards/portfolio/portfolio_landing-page.jpg HTTP/1.1" 200 3324 "http://project:81/" "Mozilla/5.0 (X11; Ubuntu; Linux x86_64; rv:61.0) Gecko/20100101 Firefox/61.0"
localhost - - [07/Aug/2018:23:51:59 +0200] "GET /img/avatar-img/photo-big.jpg HTTP/1.1" 200 3324 "http://project:81/" "Mozilla/5.0 (X11; Ubuntu; Linux x86_64; rv:61.0) Gecko/20100101 Firefox/61.0"
localhost - - [07/Aug/2018:23:51:59 +0200] "GET /img/cards/portfolio/develop_ui-elements.jpg HTTP/1.1" 200 3325 "http://project:81/" "Mozilla/5.0 (X11; Ubuntu; Linux x86_64; rv:61.0) Gecko/20100101 Firefox/61.0"
localhost - - [07/Aug/2018:23:51:59 +0200] "GET /img/cards/blog/blog_summer.jpg HTTP/1.1" 200 3324 "http://project:81/" "Mozilla/5.0 (X11; Ubuntu; Linux x86_64; rv:61.0) Gecko/20100101 Firefox/61.0"
localhost - - [07/Aug/2018:23:51:59 +0200] "GET /img/cards/portfolio/internet-shops.jpg HTTP/1.1" 200 3325 "http://project:81/" "Mozilla/5.0 (X11; Ubuntu; Linux x86_64; rv:61.0) Gecko/20100101 Firefox/61.0"
localhost - - [07/Aug/2018:23:51:59 +0200] "GET /img/cards/blog/blog_new-york.jpg HTTP/1.1" 200 3325 "http://project:81/" "Mozilla/5.0 (X11; Ubuntu; Linux x86_64; rv:61.0) Gecko/20100101 Firefox/61.0"
localhost - - [07/Aug/2018:23:51:59 +0200] "GET /img/cards/blog/blog_naturals.jpg HTTP/1.1" 200 3325 "http://project:81/" "Mozilla/5.0 (X11; Ubuntu; Linux x86_64; rv:61.0) Gecko/20100101 Firefox/61.0"
localhost - - [07/Aug/2018:23:52:03 +0200] "GET /profile HTTP/1.1" 200 2525 "http://project:81/" "Mozilla/5.0 (X11; Ubuntu; Linux x86_64; rv:61.0) Gecko/20100101 Firefox/61.0"
localhost - - [07/Aug/2018:23:52:03 +0200] "GET //usercontent/avatar/219843549234.jpg HTTP/1.1" 200 22675 "http://project:81/profile" "Mozilla/5.0 (X11; Ubuntu; Linux x86_64; rv:61.0) Gecko/20100101 Firefox/61.0"
localhost - - [07/Aug/2018:23:52:05 +0200] "GET /profile-edit HTTP/1.1" 200 2901 "http://project:81/profile" "Mozilla/5.0 (X11; Ubuntu; Linux x86_64; rv:61.0) Gecko/20100101 Firefox/61.0"
localhost - - [07/Aug/2018:23:53:03 +0200] "GET /profile-edit HTTP/1.1" 200 2693 "-" "Mozilla/5.0 (X11; Ubuntu; Linux x86_64; rv:61.0) Gecko/20100101 Firefox/61.0"
localhost - - [07/Aug/2018:23:53:03 +0200] "GET /templates/assets/libs/bootstrap-4-grid/grid.min.css HTTP/1.1" 200 5831 "http://project:81/profile-edit" "Mozilla/5.0 (X11; Ubuntu; Linux x86_64; rv:61.0) Gecko/20100101 Firefox/61.0"
localhost - - [07/Aug/2018:23:53:03 +0200] "GET /templates/assets/js/main.js HTTP/1.1" 200 303 "http://project:81/profile-edit" "Mozilla/5.0 (X11; Ubuntu; Linux x86_64; rv:61.0) Gecko/20100101 Firefox/61.0"
localhost - - [07/Aug/2018:23:53:03 +0200] "GET /templates/assets/js/fileReader.js HTTP/1.1" 200 1143 "http://project:81/profile-edit" "Mozilla/5.0 (X11; Ubuntu; Linux x86_64; rv:61.0) Gecko/20100101 Firefox/61.0"
localhost - - [07/Aug/2018:23:53:03 +0200] "GET /templates/assets/js/navigation.js HTTP/1.1" 200 1082 "http://project:81/profile-edit" "Mozilla/5.0 (X11; Ubuntu; Linux x86_64; rv:61.0) Gecko/20100101 Firefox/61.0"
localhost - - [07/Aug/2018:23:53:03 +0200] "GET /templates/assets/libs/jquery/jquery.min.js HTTP/1.1" 200 30645 "http://project:81/profile-edit" "Mozilla/5.0 (X11; Ubuntu; Linux x86_64; rv:61.0) Gecko/20100101 Firefox/61.0"
localhost - - [07/Aug/2018:23:53:03 +0200] "GET /templates/assets/css/main.css HTTP/1.1" 200 52018 "http://project:81/profile-edit" "Mozilla/5.0 (X11; Ubuntu; Linux x86_64; rv:61.0) Gecko/20100101 Firefox/61.0"
localhost - - [07/Aug/2018:23:53:03 +0200] "GET //usercontent/avatar/%3Cbr%20/%3E%3Cb%3ENotice%3C/b%3E:%20%20Trying%20to%20get%20property%20of%20non-object%20in%20%3Cb%3E/home/alina/www/project/www/templates/profile/profile-edit.tpl%3C/b%3E%20on%20line%20%3Cb%3E32%3C/b%3E%3Cbr%20/%3E HTTP/1.1" 200 2950 "http://project:81/profile-edit" "Mozilla/5.0 (X11; Ubuntu; Linux x86_64; rv:61.0) Gecko/20100101 Firefox/61.0"
localhost - - [07/Aug/2018:23:53:03 +0200] "GET //usercontent/avatar/%3Cbr%20/%3E%3Cb%3ENotice%3C/b%3E:%20%20Trying%20to%20get%20property%20of%20non-object%20in%20%3Cb%3E/home/alina/www/project/www/templates/profile/profile-edit.tpl%3C/b%3E%20on%20line%20%3Cb%3E32%3C/b%3E%3Cbr%20/%3E HTTP/1.1" 200 2950 "http://project:81/profile-edit" "Mozilla/5.0 (X11; Ubuntu; Linux x86_64; rv:61.0) Gecko/20100101 Firefox/61.0"
localhost - - [07/Aug/2018:23:53:04 +0200] "GET /templates/assets/img/sprite.svg HTTP/1.1" 200 17635 "-" "Mozilla/5.0 (X11; Ubuntu; Linux x86_64; rv:61.0) Gecko/20100101 Firefox/61.0"
localhost - - [07/Aug/2018:23:53:04 +0200] "GET /templates/assets/img/bg/bg_header.jpg HTTP/1.1" 200 24699 "http://project:81/templates/assets/css/main.css" "Mozilla/5.0 (X11; Ubuntu; Linux x86_64; rv:61.0) Gecko/20100101 Firefox/61.0"
localhost - - [07/Aug/2018:23:53:04 +0200] "GET /templates/assets/img/placeholders/user-avatar-placeholder-big.jpg HTTP/1.1" 200 3555 "http://project:81/templates/assets/css/main.css" "Mozilla/5.0 (X11; Ubuntu; Linux x86_64; rv:61.0) Gecko/20100101 Firefox/61.0"
localhost - - [08/Aug/2018:00:05:00 +0200] "GET /logout HTTP/1.1" 302 419 "http://project:81/profile-edit" "Mozilla/5.0 (X11; Ubuntu; Linux x86_64; rv:61.0) Gecko/20100101 Firefox/61.0"
localhost - - [08/Aug/2018:00:05:00 +0200] "GET / HTTP/1.1" 200 2950 "http://project:81/profile-edit" "Mozilla/5.0 (X11; Ubuntu; Linux x86_64; rv:61.0) Gecko/20100101 Firefox/61.0"
localhost - - [08/Aug/2018:00:05:00 +0200] "GET /img/cards/portfolio/portfolio_landing-page.jpg HTTP/1.1" 200 2893 "http://project:81/" "Mozilla/5.0 (X11; Ubuntu; Linux x86_64; rv:61.0) Gecko/20100101 Firefox/61.0"
localhost - - [08/Aug/2018:00:05:00 +0200] "GET /img/cards/blog/blog_naturals.jpg HTTP/1.1" 200 2893 "http://project:81/" "Mozilla/5.0 (X11; Ubuntu; Linux x86_64; rv:61.0) Gecko/20100101 Firefox/61.0"
localhost - - [08/Aug/2018:00:05:00 +0200] "GET /img/avatar-img/photo-big.jpg HTTP/1.1" 200 2892 "http://project:81/" "Mozilla/5.0 (X11; Ubuntu; Linux x86_64; rv:61.0) Gecko/20100101 Firefox/61.0"
localhost - - [08/Aug/2018:00:05:00 +0200] "GET /img/cards/blog/blog_new-york.jpg HTTP/1.1" 200 2893 "http://project:81/" "Mozilla/5.0 (X11; Ubuntu; Linux x86_64; rv:61.0) Gecko/20100101 Firefox/61.0"
localhost - - [08/Aug/2018:00:05:00 +0200] "GET /img/cards/portfolio/internet-shops.jpg HTTP/1.1" 200 2893 "http://project:81/" "Mozilla/5.0 (X11; Ubuntu; Linux x86_64; rv:61.0) Gecko/20100101 Firefox/61.0"
localhost - - [08/Aug/2018:00:05:00 +0200] "GET /img/cards/portfolio/develop_ui-elements.jpg HTTP/1.1" 200 2893 "http://project:81/" "Mozilla/5.0 (X11; Ubuntu; Linux x86_64; rv:61.0) Gecko/20100101 Firefox/61.0"
localhost - - [08/Aug/2018:00:05:00 +0200] "GET /img/cards/blog/blog_summer.jpg HTTP/1.1" 200 2892 "http://project:81/" "Mozilla/5.0 (X11; Ubuntu; Linux x86_64; rv:61.0) Gecko/20100101 Firefox/61.0"
localhost - - [08/Aug/2018:00:05:01 +0200] "GET /login HTTP/1.1" 200 1649 "http://project:81/" "Mozilla/5.0 (X11; Ubuntu; Linux x86_64; rv:61.0) Gecko/20100101 Firefox/61.0"
localhost - - [08/Aug/2018:00:05:01 +0200] "GET /img/sprite.svg HTTP/1.1" 200 2892 "-" "Mozilla/5.0 (X11; Ubuntu; Linux x86_64; rv:61.0) Gecko/20100101 Firefox/61.0"
localhost - - [08/Aug/2018:00:05:03 +0200] "GET /lost-password HTTP/1.1" 200 1587 "http://project:81/login" "Mozilla/5.0 (X11; Ubuntu; Linux x86_64; rv:61.0) Gecko/20100101 Firefox/61.0"
localhost - - [08/Aug/2018:00:05:03 +0200] "GET /img/sprite.svg HTTP/1.1" 200 2892 "-" "Mozilla/5.0 (X11; Ubuntu; Linux x86_64; rv:61.0) Gecko/20100101 Firefox/61.0"
localhost - - [08/Aug/2018:00:05:06 +0200] "POST /lost-password HTTP/1.1" 200 1614 "http://project:81/lost-password" "Mozilla/5.0 (X11; Ubuntu; Linux x86_64; rv:61.0) Gecko/20100101 Firefox/61.0"
localhost - - [08/Aug/2018:00:05:06 +0200] "GET /img/sprite.svg HTTP/1.1" 200 2892 "-" "Mozilla/5.0 (X11; Ubuntu; Linux x86_64; rv:61.0) Gecko/20100101 Firefox/61.0"
localhost - - [08/Aug/2018:00:05:23 +0200] "GET /set-new-password?email=alina3a@bk.ru&code=SJfKpzWYZjdTwUx HTTP/1.1" 200 1696 "-" "Mozilla/5.0 (X11; Ubuntu; Linux x86_64; rv:61.0) Gecko/20100101 Firefox/61.0"
localhost - - [08/Aug/2018:00:05:24 +0200] "GET /img/sprite.svg HTTP/1.1" 200 2892 "-" "Mozilla/5.0 (X11; Ubuntu; Linux x86_64; rv:61.0) Gecko/20100101 Firefox/61.0"
localhost - - [08/Aug/2018:00:05:32 +0200] "POST /set-new-password HTTP/1.1" 302 335 "http://project:81/set-new-password?email=alina3a@bk.ru&code=SJfKpzWYZjdTwUx" "Mozilla/5.0 (X11; Ubuntu; Linux x86_64; rv:61.0) Gecko/20100101 Firefox/61.0"
localhost - - [08/Aug/2018:00:05:32 +0200] "GET /login HTTP/1.1" 200 1649 "http://project:81/set-new-password?email=alina3a@bk.ru&code=SJfKpzWYZjdTwUx" "Mozilla/5.0 (X11; Ubuntu; Linux x86_64; rv:61.0) Gecko/20100101 Firefox/61.0"
localhost - - [08/Aug/2018:00:05:32 +0200] "GET /img/sprite.svg HTTP/1.1" 200 2892 "-" "Mozilla/5.0 (X11; Ubuntu; Linux x86_64; rv:61.0) Gecko/20100101 Firefox/61.0"
localhost - - [08/Aug/2018:00:05:52 +0200] "POST /login HTTP/1.1" 302 330 "http://project:81/login" "Mozilla/5.0 (X11; Ubuntu; Linux x86_64; rv:61.0) Gecko/20100101 Firefox/61.0"
localhost - - [08/Aug/2018:00:05:52 +0200] "GET / HTTP/1.1" 200 3324 "http://project:81/login" "Mozilla/5.0 (X11; Ubuntu; Linux x86_64; rv:61.0) Gecko/20100101 Firefox/61.0"
localhost - - [08/Aug/2018:00:05:52 +0200] "GET /img/avatar-img/photo-big.jpg HTTP/1.1" 200 3324 "http://project:81/" "Mozilla/5.0 (X11; Ubuntu; Linux x86_64; rv:61.0) Gecko/20100101 Firefox/61.0"
localhost - - [08/Aug/2018:00:05:52 +0200] "GET /img/cards/portfolio/develop_ui-elements.jpg HTTP/1.1" 200 3325 "http://project:81/" "Mozilla/5.0 (X11; Ubuntu; Linux x86_64; rv:61.0) Gecko/20100101 Firefox/61.0"
localhost - - [08/Aug/2018:00:05:52 +0200] "GET /img/cards/portfolio/portfolio_landing-page.jpg HTTP/1.1" 200 3325 "http://project:81/" "Mozilla/5.0 (X11; Ubuntu; Linux x86_64; rv:61.0) Gecko/20100101 Firefox/61.0"
localhost - - [08/Aug/2018:00:05:52 +0200] "GET /img/cards/blog/blog_naturals.jpg HTTP/1.1" 200 3325 "http://project:81/" "Mozilla/5.0 (X11; Ubuntu; Linux x86_64; rv:61.0) Gecko/20100101 Firefox/61.0"
localhost - - [08/Aug/2018:00:05:52 +0200] "GET /img/cards/blog/blog_summer.jpg HTTP/1.1" 200 3324 "http://project:81/" "Mozilla/5.0 (X11; Ubuntu; Linux x86_64; rv:61.0) Gecko/20100101 Firefox/61.0"
localhost - - [08/Aug/2018:00:05:52 +0200] "GET /img/cards/blog/blog_new-york.jpg HTTP/1.1" 200 3325 "http://project:81/" "Mozilla/5.0 (X11; Ubuntu; Linux x86_64; rv:61.0) Gecko/20100101 Firefox/61.0"
localhost - - [08/Aug/2018:00:05:52 +0200] "GET /img/cards/portfolio/internet-shops.jpg HTTP/1.1" 200 3325 "http://project:81/" "Mozilla/5.0 (X11; Ubuntu; Linux x86_64; rv:61.0) Gecko/20100101 Firefox/61.0"
